<CreateLog> Machine TablesMachine(0) is created.
<StateLog> Machine 'TablesMachine(0)' entering state 'Initializing'.
<CreateLog> Machine ServiceMachine(0) is created.
<StrategyLog> RandomSchedulingStrategy starting iteration with seed 11.
<SendLog> Machine 'TablesMachine(0)' sent event 'Migration.AppMachineInitializeEvent' to 'ServiceMachine(0)'.
<EnqueueLog> Machine 'ServiceMachine(0)' enqueued event < ____Migration.AppMachineInitializeEvent >.
<CreateLog> Machine ServiceMachine(1) is created.
<StateLog> Machine 'ServiceMachine(0)' entering state 'WaitingForInitialization'.
<DequeueLog> Machine 'ServiceMachine(0)' dequeued event < ____Migration.AppMachineInitializeEvent >.
<ExitLog> Machine 'ServiceMachine(0)' exiting state 'WaitingForInitialization'.
<StateLog> Machine 'ServiceMachine(0)' entering state 'MainState'.
<SendLog> Machine 'ServiceMachine(0)' sent event 'Migration.TablePeekEvent' to 'TablesMachine(0)'.
<EnqueueLog> Machine 'TablesMachine(0)' enqueued event < ____Migration.TablePeekEvent >.
<SendLog> Machine 'TablesMachine(0)' sent event 'Migration.AppMachineInitializeEvent' to 'ServiceMachine(1)'.
<EnqueueLog> Machine 'ServiceMachine(1)' enqueued event < ____Migration.AppMachineInitializeEvent >.
<CreateLog> Machine MigratorMachine(0) is created.
<StateLog> Machine 'MigratorMachine(0)' entering state 'WaitingForInitialization'.
<StateLog> Machine 'ServiceMachine(1)' entering state 'WaitingForInitialization'.
<DequeueLog> Machine 'ServiceMachine(1)' dequeued event < ____Migration.AppMachineInitializeEvent >.
<ExitLog> Machine 'ServiceMachine(1)' exiting state 'WaitingForInitialization'.
<StateLog> Machine 'ServiceMachine(1)' entering state 'MainState'.
<SendLog> Machine 'ServiceMachine(1)' sent event 'Migration.TablePeekEvent' to 'TablesMachine(0)'.
<EnqueueLog> Machine 'TablesMachine(0)' enqueued event < ____Migration.TablePeekEvent >.
<SendLog> Machine 'TablesMachine(0)' sent event 'Migration.AppMachineInitializeEvent' to 'MigratorMachine(0)'.
<EnqueueLog> Machine 'MigratorMachine(0)' enqueued event < ____Migration.AppMachineInitializeEvent >.
<SendLog> Machine 'TablesMachine(0)' sent event 'Migration.TablesMachineInitializedEvent' to 'TablesMachine(0)'.
<EnqueueLog> Machine 'TablesMachine(0)' enqueued event < ____Migration.TablesMachineInitializedEvent >.
<DequeueLog> Machine 'TablesMachine(0)' dequeued event < ____Migration.TablesMachineInitializedEvent >.
<ExitLog> Machine 'TablesMachine(0)' exiting state 'Initializing'.
<StateLog> Machine 'TablesMachine(0)' entering state 'Ready'.
<DequeueLog> Machine 'TablesMachine(0)' dequeued event < ____Migration.TablePeekEvent >.
<ActionLog> Machine 'TablesMachine(0)' executed action 'DispatchPayload' in state 'Ready'.
Start call from [ServiceMachine,0,,] to [TablesMachine,0,,]: tablesMachinePeek.GetReferenceTableRevisionAsync()
End call from [ServiceMachine,0,,] to [TablesMachine,0,,]: tablesMachinePeek.GetReferenceTableRevisionAsync() with outcome: Migration.Outcome`2[System.Int32,System.Exception]
<SendLog> Machine 'TablesMachine(0)' sent event 'Migration.GenericDispatchableEvent' to 'ServiceMachine(0)'.
<EnqueueLog> Machine 'ServiceMachine(0)' enqueued event < ____Migration.GenericDispatchableEvent >.
<DequeueLog> Machine 'TablesMachine(0)' dequeued event < ____Migration.TablePeekEvent >.
<ActionLog> Machine 'TablesMachine(0)' executed action 'DispatchPayload' in state 'Ready'.
Start call from [ServiceMachine,1,,] to [TablesMachine,0,,]: tablesMachinePeek.DumpReferenceTableAsync()
End call from [ServiceMachine,1,,] to [TablesMachine,0,,]: tablesMachinePeek.DumpReferenceTableAsync() with outcome: System.Collections.Generic.SortedDictionary`2[ChainTableInterface.PrimaryKey,Microsoft.WindowsAzure.Storage.Table.DynamicTableEntity]
<SendLog> Machine 'TablesMachine(0)' sent event 'Migration.GenericDispatchableEvent' to 'ServiceMachine(1)'.
<EnqueueLog> Machine 'ServiceMachine(1)' enqueued event < ____Migration.GenericDispatchableEvent >.
<DequeueLog> Machine 'MigratorMachine(0)' dequeued event < ____Migration.AppMachineInitializeEvent >.
<ExitLog> Machine 'MigratorMachine(0)' exiting state 'WaitingForInitialization'.
<StateLog> Machine 'MigratorMachine(0)' entering state 'MainState'.
<SendLog> Machine 'MigratorMachine(0)' sent event 'Migration.GenericDispatchableEvent' to 'TablesMachine(0)'.
<EnqueueLog> Machine 'TablesMachine(0)' enqueued event < ____Migration.GenericDispatchableEvent >.
<DequeueLog> Machine 'ServiceMachine(0)' dequeued event < ____Migration.GenericDispatchableEvent >.
<ActionLog> Machine 'ServiceMachine(0)' executed action 'DispatchPayload' in state 'MainState'.
<SendLog> Machine 'ServiceMachine(0)' sent event 'Migration.GenericDispatchableEvent' to 'ServiceMachine(0)'.
<EnqueueLog> Machine 'ServiceMachine(0)' enqueued event < ____Migration.GenericDispatchableEvent >.
<DequeueLog> Machine 'ServiceMachine(1)' dequeued event < ____Migration.GenericDispatchableEvent >.
<ActionLog> Machine 'ServiceMachine(1)' executed action 'DispatchPayload' in state 'MainState'.
<SendLog> Machine 'ServiceMachine(1)' sent event 'Migration.GenericDispatchableEvent' to 'ServiceMachine(1)'.
<EnqueueLog> Machine 'ServiceMachine(1)' enqueued event < ____Migration.GenericDispatchableEvent >.
<DequeueLog> Machine 'ServiceMachine(0)' dequeued event < ____Migration.GenericDispatchableEvent >.
<ActionLog> Machine 'ServiceMachine(0)' executed action 'DispatchPayload' in state 'MainState'.
[ServiceMachine,0,,] starting streaming query: Microsoft.WindowsAzure.Storage.Table.TableQuery`1[Microsoft.WindowsAzure.Storage.Table.DynamicTableEntity]
<SendLog> Machine 'ServiceMachine(0)' sent event 'Migration.GenericDispatchableEvent' to 'TablesMachine(0)'.
<EnqueueLog> Machine 'TablesMachine(0)' enqueued event < ____Migration.GenericDispatchableEvent >.
<DequeueLog> Machine 'ServiceMachine(1)' dequeued event < ____Migration.GenericDispatchableEvent >.
<ActionLog> Machine 'ServiceMachine(1)' executed action 'DispatchPayload' in state 'MainState'.
[ServiceMachine,1,,] starting atomic query: Microsoft.WindowsAzure.Storage.Table.TableQuery`1[Microsoft.WindowsAzure.Storage.Table.DynamicTableEntity]
<SendLog> Machine 'ServiceMachine(1)' sent event 'Migration.TableCallEvent' to 'TablesMachine(0)'.
<EnqueueLog> Machine 'TablesMachine(0)' enqueued event < ____Migration.TableCallEvent >.
<DequeueLog> Machine 'TablesMachine(0)' dequeued event < ____Migration.GenericDispatchableEvent >.
<ActionLog> Machine 'TablesMachine(0)' executed action 'DispatchPayload' in state 'Ready'.
Start call from [MigratorMachine,0,,] to [TablesMachine,0,,]: configService.PushConfigurationAsync(Migration.MTableConfiguration)
<SendLog> Machine 'TablesMachine(0)' sent event 'Migration.GenericDispatchableEvent' to 'ServiceMachine(0)'.
<EnqueueLog> Machine 'ServiceMachine(0)' enqueued event < ____Migration.GenericDispatchableEvent >.
<DequeueLog> Machine 'ServiceMachine(0)' dequeued event < ____Migration.GenericDispatchableEvent >.
<ActionLog> Machine 'ServiceMachine(0)' executed action 'DispatchPayload' in state 'MainState'.
Start call from [TablesMachine,0,,] to [ServiceMachine,0,,]: <configService subscriber>.ApplyConfigurationAsync(Migration.MTableConfiguration)
<SendLog> Machine 'TablesMachine(0)' sent event 'Migration.GenericDispatchableEvent' to 'ServiceMachine(1)'.
<EnqueueLog> Machine 'ServiceMachine(1)' enqueued event < ____Migration.GenericDispatchableEvent >.
<SendLog> Machine 'TablesMachine(0)' sent event 'Migration.GenericDispatchableEvent' to 'MigratorMachine(0)'.
<EnqueueLog> Machine 'MigratorMachine(0)' enqueued event < ____Migration.GenericDispatchableEvent >.
<DequeueLog> Machine 'ServiceMachine(1)' dequeued event < ____Migration.GenericDispatchableEvent >.
<ActionLog> Machine 'ServiceMachine(1)' executed action 'DispatchPayload' in state 'MainState'.
Start call from [TablesMachine,0,,] to [ServiceMachine,1,,]: <configService subscriber>.ApplyConfigurationAsync(Migration.MTableConfiguration)
<DequeueLog> Machine 'MigratorMachine(0)' dequeued event < ____Migration.GenericDispatchableEvent >.
<ActionLog> Machine 'MigratorMachine(0)' executed action 'DispatchPayload' in state 'MainState'.
Start call from [TablesMachine,0,,] to [MigratorMachine,0,,]: <configService subscriber>.ApplyConfigurationAsync(Migration.MTableConfiguration)
End call from [TablesMachine,0,,] to [MigratorMachine,0,,]: <configService subscriber>.ApplyConfigurationAsync(Migration.MTableConfiguration) with outcome: null
<SendLog> Machine 'MigratorMachine(0)' sent event 'Migration.GenericDispatchableEvent' to 'TablesMachine(0)'.
<EnqueueLog> Machine 'TablesMachine(0)' enqueued event < ____Migration.GenericDispatchableEvent >.
<DequeueLog> Machine 'TablesMachine(0)' dequeued event < ____Migration.GenericDispatchableEvent >.
<ActionLog> Machine 'TablesMachine(0)' executed action 'DispatchPayload' in state 'Ready'.
Start call from [ServiceMachine,0,,] to [TablesMachine,0,,]: oldTable.ExecuteQueryStreamedAsync(TableQuery<Migration.MTableEntity>{FilterString=, SelectColumns=, TakeCount=},null,null)
End call from [ServiceMachine,0,,] to [TablesMachine,0,,]: oldTable.ExecuteQueryStreamedAsync(TableQuery<Migration.MTableEntity>{FilterString=, SelectColumns=, TakeCount=},null,null) with outcome: Migration.InMemoryTableWithHistory+NondeterministicQueryStream`1[Migration.MTableEntity]
<SendLog> Machine 'TablesMachine(0)' sent event 'Migration.GenericDispatchableEvent' to 'ServiceMachine(0)'.
<EnqueueLog> Machine 'ServiceMachine(0)' enqueued event < ____Migration.GenericDispatchableEvent >.
<DequeueLog> Machine 'TablesMachine(0)' dequeued event < ____Migration.TableCallEvent >.
<ExitLog> Machine 'TablesMachine(0)' exiting state 'Ready'.
Start call from [ServiceMachine,1,,] to [TablesMachine,0,,]: oldTable.ExecuteQueryAtomicAsync(TableQuery<Migration.MTableEntity>{FilterString=PartitionKey eq '', SelectColumns=, TakeCount=},null,null)
End call from [ServiceMachine,1,,] to [TablesMachine,0,,]: oldTable.ExecuteQueryAtomicAsync(TableQuery<Migration.MTableEntity>{FilterString=PartitionKey eq '', SelectColumns=, TakeCount=},null,null) with outcome: IReadOnlyList{ITableEntity{[PartitionKey, ],[RowKey, 0],[ETag, 1],[Timestamp, 1/1/0001 12:00:00 AM +00:00],[_mtable_deleted, False],[isHappy, True]},ITableEntity{[PartitionKey, ],[RowKey, 1],[ETag, 2],[Timestamp, 1/1/0001 12:00:00 AM +00:00],[_mtable_deleted, False],[isHappy, False]},ITableEntity{[PartitionKey, ],[RowKey, 3],[ETag, 3],[Timestamp, 1/1/0001 12:00:00 AM +00:00],[_mtable_deleted, False],[isHappy, False]},ITableEntity{[PartitionKey, ],[RowKey, 4],[ETag, 4],[Timestamp, 1/1/0001 12:00:00 AM +00:00],[_mtable_deleted, False],[isHappy, True]}}
<SendLog> Machine 'TablesMachine(0)' sent event 'Migration.GenericDispatchableEvent' to 'ServiceMachine(1)'.
<EnqueueLog> Machine 'ServiceMachine(1)' enqueued event < ____Migration.GenericDispatchableEvent >.
<StateLog> Machine 'TablesMachine(0)' entering state 'WaitingForAnnotation'.
<DequeueLog> Machine 'TablesMachine(0)' dequeued event < ____Migration.GenericDispatchableEvent >.
<ActionLog> Machine 'TablesMachine(0)' executed action 'DispatchPayload' in state 'WaitingForAnnotation'.
<DequeueLog> Machine 'ServiceMachine(1)' dequeued event < ____Migration.GenericDispatchableEvent >.
<ActionLog> Machine 'ServiceMachine(1)' executed action 'DispatchPayload' in state 'MainState'.
<SendLog> Machine 'ServiceMachine(1)' sent event 'Migration.GenericDispatchableEvent' to 'ServiceMachine(1)'.
<EnqueueLog> Machine 'ServiceMachine(1)' enqueued event < ____Migration.GenericDispatchableEvent >.
<DequeueLog> Machine 'ServiceMachine(0)' dequeued event < ____Migration.GenericDispatchableEvent >.
<ActionLog> Machine 'ServiceMachine(0)' executed action 'DispatchPayload' in state 'MainState'.
<SendLog> Machine 'ServiceMachine(0)' sent event 'Migration.GenericDispatchableEvent' to 'ServiceMachine(0)'.
<EnqueueLog> Machine 'ServiceMachine(0)' enqueued event < ____Migration.GenericDispatchableEvent >.
<DequeueLog> Machine 'ServiceMachine(0)' dequeued event < ____Migration.GenericDispatchableEvent >.
<ActionLog> Machine 'ServiceMachine(0)' executed action 'DispatchPayload' in state 'MainState'.
<SendLog> Machine 'ServiceMachine(0)' sent event 'Migration.GenericDispatchableEvent' to 'TablesMachine(0)'.
<EnqueueLog> Machine 'TablesMachine(0)' enqueued event < ____Migration.GenericDispatchableEvent >.
<DequeueLog> Machine 'TablesMachine(0)' dequeued event < ____Migration.GenericDispatchableEvent >.
<ActionLog> Machine 'TablesMachine(0)' executed action 'DispatchPayload' in state 'WaitingForAnnotation'.
Start call from [ServiceMachine,0,,] to [TablesMachine,0,,]: <oldTable QueryStream>.ReadRowAsync()
NondeterministicQueryStream: possibleRows IReadOnlyList{ITableEntity{[PartitionKey, ],[RowKey, 0],[ETag, 1],[Timestamp, 1/1/0001 12:00:00 AM +00:00],[isHappy, True]}}, choiceIndex 0
End call from [ServiceMachine,0,,] to [TablesMachine,0,,]: <oldTable QueryStream>.ReadRowAsync() with outcome: ITableEntity{[PartitionKey, ],[RowKey, 0],[ETag, 1],[Timestamp, 1/1/0001 12:00:00 AM +00:00],[_mtable_deleted, False],[isHappy, True]}
<SendLog> Machine 'TablesMachine(0)' sent event 'Migration.GenericDispatchableEvent' to 'ServiceMachine(0)'.
<EnqueueLog> Machine 'ServiceMachine(0)' enqueued event < ____Migration.GenericDispatchableEvent >.
<DequeueLog> Machine 'ServiceMachine(0)' dequeued event < ____Migration.GenericDispatchableEvent >.
<ActionLog> Machine 'ServiceMachine(0)' executed action 'DispatchPayload' in state 'MainState'.
<SendLog> Machine 'ServiceMachine(0)' sent event 'Migration.GenericDispatchableEvent' to 'ServiceMachine(0)'.
<EnqueueLog> Machine 'ServiceMachine(0)' enqueued event < ____Migration.GenericDispatchableEvent >.
<DequeueLog> Machine 'ServiceMachine(1)' dequeued event < ____Migration.GenericDispatchableEvent >.
<ActionLog> Machine 'ServiceMachine(1)' executed action 'DispatchPayload' in state 'MainState'.
<SendLog> Machine 'ServiceMachine(1)' sent event 'Migration.TableCallAnnotationEvent' to 'TablesMachine(0)'.
<EnqueueLog> Machine 'TablesMachine(0)' enqueued event < ____Migration.TableCallAnnotationEvent >.
<DequeueLog> Machine 'TablesMachine(0)' dequeued event < ____Migration.TableCallAnnotationEvent >.
<ExitLog> Machine 'TablesMachine(0)' exiting state 'WaitingForAnnotation'.
Start call from [ServiceMachine,1,,] to [TablesMachine,0,,]: tablesMachineAnnotation.AnnotateLastBackendCallAsync(Migration.MirrorTableCall,null)
End call from [ServiceMachine,1,,] to [TablesMachine,0,,]: tablesMachineAnnotation.AnnotateLastBackendCallAsync(Migration.MirrorTableCall,null) with outcome: IReadOnlyList{ITableEntity{[PartitionKey, ],[RowKey, 0],[ETag, 1],[Timestamp, 1/1/0001 12:00:00 AM +00:00],[isHappy, True]},ITableEntity{[PartitionKey, ],[RowKey, 1],[ETag, 2],[Timestamp, 1/1/0001 12:00:00 AM +00:00],[isHappy, False]},ITableEntity{[PartitionKey, ],[RowKey, 3],[ETag, 3],[Timestamp, 1/1/0001 12:00:00 AM +00:00],[isHappy, False]},ITableEntity{[PartitionKey, ],[RowKey, 4],[ETag, 4],[Timestamp, 1/1/0001 12:00:00 AM +00:00],[isHappy, True]}}
<SendLog> Machine 'TablesMachine(0)' sent event 'Migration.GenericDispatchableEvent' to 'ServiceMachine(1)'.
<EnqueueLog> Machine 'ServiceMachine(1)' enqueued event < ____Migration.GenericDispatchableEvent >.
<DequeueLog> Machine 'ServiceMachine(1)' dequeued event < ____Migration.GenericDispatchableEvent >.
<ActionLog> Machine 'ServiceMachine(1)' executed action 'DispatchPayload' in state 'MainState'.
<SendLog> Machine 'ServiceMachine(1)' sent event 'Migration.GenericDispatchableEvent' to 'ServiceMachine(1)'.
<EnqueueLog> Machine 'ServiceMachine(1)' enqueued event < ____Migration.GenericDispatchableEvent >.
<DequeueLog> Machine 'ServiceMachine(0)' dequeued event < ____Migration.GenericDispatchableEvent >.
<ActionLog> Machine 'ServiceMachine(0)' executed action 'DispatchPayload' in state 'MainState'.
<SendLog> Machine 'ServiceMachine(0)' sent event 'Migration.GenericDispatchableEvent' to 'TablesMachine(0)'.
<EnqueueLog> Machine 'TablesMachine(0)' enqueued event < ____Migration.GenericDispatchableEvent >.
<DequeueLog> Machine 'ServiceMachine(1)' dequeued event < ____Migration.GenericDispatchableEvent >.
<ActionLog> Machine 'ServiceMachine(1)' executed action 'DispatchPayload' in state 'MainState'.
End call from [TablesMachine,0,,] to [ServiceMachine,1,,]: <configService subscriber>.ApplyConfigurationAsync(Migration.MTableConfiguration) with outcome: null
<SendLog> Machine 'ServiceMachine(1)' sent event 'Migration.GenericDispatchableEvent' to 'TablesMachine(0)'.
<EnqueueLog> Machine 'TablesMachine(0)' enqueued event < ____Migration.GenericDispatchableEvent >.
<StateLog> Machine 'TablesMachine(0)' entering state 'Ready'.
<DequeueLog> Machine 'TablesMachine(0)' dequeued event < ____Migration.GenericDispatchableEvent >.
<ActionLog> Machine 'TablesMachine(0)' executed action 'DispatchPayload' in state 'Ready'.
Start call from [ServiceMachine,0,,] to [TablesMachine,0,,]: newTable.ExecuteQueryStreamedAsync(TableQuery<Migration.MTableEntity>{FilterString=((PartitionKey eq '') and (RowKey ge '0')) or (PartitionKey gt ''), SelectColumns=, TakeCount=},null,null)
End call from [ServiceMachine,0,,] to [TablesMachine,0,,]: newTable.ExecuteQueryStreamedAsync(TableQuery<Migration.MTableEntity>{FilterString=((PartitionKey eq '') and (RowKey ge '0')) or (PartitionKey gt ''), SelectColumns=, TakeCount=},null,null) with outcome: Migration.InMemoryTableWithHistory+NondeterministicQueryStream`1[Migration.MTableEntity]
<SendLog> Machine 'TablesMachine(0)' sent event 'Migration.GenericDispatchableEvent' to 'ServiceMachine(0)'.
<EnqueueLog> Machine 'ServiceMachine(0)' enqueued event < ____Migration.GenericDispatchableEvent >.
<DequeueLog> Machine 'ServiceMachine(0)' dequeued event < ____Migration.GenericDispatchableEvent >.
<ActionLog> Machine 'ServiceMachine(0)' executed action 'DispatchPayload' in state 'MainState'.
<SendLog> Machine 'ServiceMachine(0)' sent event 'Migration.GenericDispatchableEvent' to 'ServiceMachine(0)'.
<EnqueueLog> Machine 'ServiceMachine(0)' enqueued event < ____Migration.GenericDispatchableEvent >.
<DequeueLog> Machine 'ServiceMachine(0)' dequeued event < ____Migration.GenericDispatchableEvent >.
<ActionLog> Machine 'ServiceMachine(0)' executed action 'DispatchPayload' in state 'MainState'.
<SendLog> Machine 'ServiceMachine(0)' sent event 'Migration.GenericDispatchableEvent' to 'TablesMachine(0)'.
<EnqueueLog> Machine 'TablesMachine(0)' enqueued event < ____Migration.GenericDispatchableEvent >.
<DequeueLog> Machine 'TablesMachine(0)' dequeued event < ____Migration.GenericDispatchableEvent >.
<ActionLog> Machine 'TablesMachine(0)' executed action 'DispatchPayload' in state 'Ready'.
<DequeueLog> Machine 'TablesMachine(0)' dequeued event < ____Migration.GenericDispatchableEvent >.
<ActionLog> Machine 'TablesMachine(0)' executed action 'DispatchPayload' in state 'Ready'.
Start call from [ServiceMachine,0,,] to [TablesMachine,0,,]: <newTable QueryStream>.ReadRowAsync()
NondeterministicQueryStream: possibleRows IReadOnlyList{null}, choiceIndex 0
End call from [ServiceMachine,0,,] to [TablesMachine,0,,]: <newTable QueryStream>.ReadRowAsync() with outcome: null
<SendLog> Machine 'TablesMachine(0)' sent event 'Migration.GenericDispatchableEvent' to 'ServiceMachine(0)'.
<EnqueueLog> Machine 'ServiceMachine(0)' enqueued event < ____Migration.GenericDispatchableEvent >.
<DequeueLog> Machine 'ServiceMachine(0)' dequeued event < ____Migration.GenericDispatchableEvent >.
<ActionLog> Machine 'ServiceMachine(0)' executed action 'DispatchPayload' in state 'MainState'.
<SendLog> Machine 'ServiceMachine(0)' sent event 'Migration.GenericDispatchableEvent' to 'ServiceMachine(0)'.
<EnqueueLog> Machine 'ServiceMachine(0)' enqueued event < ____Migration.GenericDispatchableEvent >.
<DequeueLog> Machine 'ServiceMachine(0)' dequeued event < ____Migration.GenericDispatchableEvent >.
<ActionLog> Machine 'ServiceMachine(0)' executed action 'DispatchPayload' in state 'MainState'.
<SendLog> Machine 'ServiceMachine(0)' sent event 'Migration.TablePeekEvent' to 'TablesMachine(0)'.
<EnqueueLog> Machine 'TablesMachine(0)' enqueued event < ____Migration.TablePeekEvent >.
[ServiceMachine,1,,] table call outcome is correct:
IReadOnlyList{ITableEntity{[PartitionKey, ],[RowKey, 0],[ETag, 1],[Timestamp, 1/1/0001 12:00:00 AM +00:00],[isHappy, True]},ITableEntity{[PartitionKey, ],[RowKey, 1],[ETag, 2],[Timestamp, 1/1/0001 12:00:00 AM +00:00],[isHappy, False]},ITableEntity{[PartitionKey, ],[RowKey, 3],[ETag, 3],[Timestamp, 1/1/0001 12:00:00 AM +00:00],[isHappy, False]},ITableEntity{[PartitionKey, ],[RowKey, 4],[ETag, 4],[Timestamp, 1/1/0001 12:00:00 AM +00:00],[isHappy, True]}}
<SendLog> Machine 'ServiceMachine(1)' sent event 'Migration.TablePeekEvent' to 'TablesMachine(0)'.
<EnqueueLog> Machine 'TablesMachine(0)' enqueued event < ____Migration.TablePeekEvent >.
End call from [TablesMachine,0,,] to [ServiceMachine,0,,]: <configService subscriber>.ApplyConfigurationAsync(Migration.MTableConfiguration) with outcome: null
<SendLog> Machine 'ServiceMachine(0)' sent event 'Migration.GenericDispatchableEvent' to 'TablesMachine(0)'.
<EnqueueLog> Machine 'TablesMachine(0)' enqueued event < ____Migration.GenericDispatchableEvent >.
<DequeueLog> Machine 'TablesMachine(0)' dequeued event < ____Migration.TablePeekEvent >.
<ActionLog> Machine 'TablesMachine(0)' executed action 'DispatchPayload' in state 'Ready'.
Start call from [ServiceMachine,0,,] to [TablesMachine,0,,]: tablesMachinePeek.GetValidStreamReadRows(1,ChainTableInterface.EmptyFilterExpression,PrimaryKey(, ))
End call from [ServiceMachine,0,,] to [TablesMachine,0,,]: tablesMachinePeek.GetValidStreamReadRows(1,ChainTableInterface.EmptyFilterExpression,PrimaryKey(, )) with outcome: IReadOnlyList{ITableEntity{[PartitionKey, ],[RowKey, 0],[ETag, 1],[Timestamp, 1/1/0001 12:00:00 AM +00:00],[isHappy, True]}}
<SendLog> Machine 'TablesMachine(0)' sent event 'Migration.GenericDispatchableEvent' to 'ServiceMachine(0)'.
<EnqueueLog> Machine 'ServiceMachine(0)' enqueued event < ____Migration.GenericDispatchableEvent >.
<DequeueLog> Machine 'TablesMachine(0)' dequeued event < ____Migration.TablePeekEvent >.
<ActionLog> Machine 'TablesMachine(0)' executed action 'DispatchPayload' in state 'Ready'.
Start call from [ServiceMachine,1,,] to [TablesMachine,0,,]: tablesMachinePeek.DumpReferenceTableAsync()
End call from [ServiceMachine,1,,] to [TablesMachine,0,,]: tablesMachinePeek.DumpReferenceTableAsync() with outcome: System.Collections.Generic.SortedDictionary`2[ChainTableInterface.PrimaryKey,Microsoft.WindowsAzure.Storage.Table.DynamicTableEntity]
<SendLog> Machine 'TablesMachine(0)' sent event 'Migration.GenericDispatchableEvent' to 'ServiceMachine(1)'.
<EnqueueLog> Machine 'ServiceMachine(1)' enqueued event < ____Migration.GenericDispatchableEvent >.
<DequeueLog> Machine 'ServiceMachine(0)' dequeued event < ____Migration.GenericDispatchableEvent >.
<ActionLog> Machine 'ServiceMachine(0)' executed action 'DispatchPayload' in state 'MainState'.
<SendLog> Machine 'ServiceMachine(0)' sent event 'Migration.GenericDispatchableEvent' to 'ServiceMachine(0)'.
<EnqueueLog> Machine 'ServiceMachine(0)' enqueued event < ____Migration.GenericDispatchableEvent >.
<DequeueLog> Machine 'TablesMachine(0)' dequeued event < ____Migration.GenericDispatchableEvent >.
<ActionLog> Machine 'TablesMachine(0)' executed action 'DispatchPayload' in state 'Ready'.
End call from [MigratorMachine,0,,] to [TablesMachine,0,,]: configService.PushConfigurationAsync(Migration.MTableConfiguration) with outcome: null
<SendLog> Machine 'TablesMachine(0)' sent event 'Migration.GenericDispatchableEvent' to 'MigratorMachine(0)'.
<EnqueueLog> Machine 'MigratorMachine(0)' enqueued event < ____Migration.GenericDispatchableEvent >.
<DequeueLog> Machine 'ServiceMachine(0)' dequeued event < ____Migration.GenericDispatchableEvent >.
<ActionLog> Machine 'ServiceMachine(0)' executed action 'DispatchPayload' in state 'MainState'.
<SendLog> Machine 'ServiceMachine(0)' sent event 'Migration.GenericDispatchableEvent' to 'TablesMachine(0)'.
<EnqueueLog> Machine 'TablesMachine(0)' enqueued event < ____Migration.GenericDispatchableEvent >.
<DequeueLog> Machine 'MigratorMachine(0)' dequeued event < ____Migration.GenericDispatchableEvent >.
<ActionLog> Machine 'MigratorMachine(0)' executed action 'DispatchPayload' in state 'MainState'.
<SendLog> Machine 'MigratorMachine(0)' sent event 'Migration.GenericDispatchableEvent' to 'MigratorMachine(0)'.
<EnqueueLog> Machine 'MigratorMachine(0)' enqueued event < ____Migration.GenericDispatchableEvent >.
<DequeueLog> Machine 'TablesMachine(0)' dequeued event < ____Migration.GenericDispatchableEvent >.
<ActionLog> Machine 'TablesMachine(0)' executed action 'DispatchPayload' in state 'Ready'.
Start call from [ServiceMachine,0,,] to [TablesMachine,0,,]: <oldTable QueryStream>.ReadRowAsync()
NondeterministicQueryStream: possibleRows IReadOnlyList{ITableEntity{[PartitionKey, ],[RowKey, 1],[ETag, 2],[Timestamp, 1/1/0001 12:00:00 AM +00:00],[isHappy, False]}}, choiceIndex 0
End call from [ServiceMachine,0,,] to [TablesMachine,0,,]: <oldTable QueryStream>.ReadRowAsync() with outcome: ITableEntity{[PartitionKey, ],[RowKey, 1],[ETag, 2],[Timestamp, 1/1/0001 12:00:00 AM +00:00],[_mtable_deleted, False],[isHappy, False]}
<SendLog> Machine 'TablesMachine(0)' sent event 'Migration.GenericDispatchableEvent' to 'ServiceMachine(0)'.
<EnqueueLog> Machine 'ServiceMachine(0)' enqueued event < ____Migration.GenericDispatchableEvent >.
<DequeueLog> Machine 'MigratorMachine(0)' dequeued event < ____Migration.GenericDispatchableEvent >.
<ActionLog> Machine 'MigratorMachine(0)' executed action 'DispatchPayload' in state 'MainState'.
<SendLog> Machine 'MigratorMachine(0)' sent event 'Migration.GenericDispatchableEvent' to 'TablesMachine(0)'.
<EnqueueLog> Machine 'TablesMachine(0)' enqueued event < ____Migration.GenericDispatchableEvent >.
<DequeueLog> Machine 'TablesMachine(0)' dequeued event < ____Migration.GenericDispatchableEvent >.
<ActionLog> Machine 'TablesMachine(0)' executed action 'DispatchPayload' in state 'Ready'.
Start call from [MigratorMachine,0,,] to [TablesMachine,0,,]: configService.PushConfigurationAsync(Migration.MTableConfiguration)
<SendLog> Machine 'TablesMachine(0)' sent event 'Migration.GenericDispatchableEvent' to 'ServiceMachine(0)'.
<EnqueueLog> Machine 'ServiceMachine(0)' enqueued event < ____Migration.GenericDispatchableEvent >.
<DequeueLog> Machine 'ServiceMachine(0)' dequeued event < ____Migration.GenericDispatchableEvent >.
<ActionLog> Machine 'ServiceMachine(0)' executed action 'DispatchPayload' in state 'MainState'.
<SendLog> Machine 'ServiceMachine(0)' sent event 'Migration.GenericDispatchableEvent' to 'ServiceMachine(0)'.
<EnqueueLog> Machine 'ServiceMachine(0)' enqueued event < ____Migration.GenericDispatchableEvent >.
<DequeueLog> Machine 'ServiceMachine(0)' dequeued event < ____Migration.GenericDispatchableEvent >.
<ActionLog> Machine 'ServiceMachine(0)' executed action 'DispatchPayload' in state 'MainState'.
Start call from [TablesMachine,0,,] to [ServiceMachine,0,,]: <configService subscriber>.ApplyConfigurationAsync(Migration.MTableConfiguration)
<DequeueLog> Machine 'ServiceMachine(0)' dequeued event < ____Migration.GenericDispatchableEvent >.
<ActionLog> Machine 'ServiceMachine(0)' executed action 'DispatchPayload' in state 'MainState'.
End call from [TablesMachine,0,,] to [ServiceMachine,0,,]: <configService subscriber>.ApplyConfigurationAsync(Migration.MTableConfiguration) with outcome: null
<SendLog> Machine 'ServiceMachine(0)' sent event 'Migration.GenericDispatchableEvent' to 'TablesMachine(0)'.
<EnqueueLog> Machine 'TablesMachine(0)' enqueued event < ____Migration.GenericDispatchableEvent >.
<SendLog> Machine 'TablesMachine(0)' sent event 'Migration.GenericDispatchableEvent' to 'ServiceMachine(1)'.
<EnqueueLog> Machine 'ServiceMachine(1)' enqueued event < ____Migration.GenericDispatchableEvent >.
[ServiceMachine,0,,] query stream returned row ITableEntity{[PartitionKey, ],[RowKey, 0],[ETag, 1],[Timestamp, 1/1/0001 12:00:00 AM +00:00],[isHappy, True]}, which is valid
<SendLog> Machine 'ServiceMachine(0)' sent event 'Migration.TablePeekEvent' to 'TablesMachine(0)'.
<EnqueueLog> Machine 'TablesMachine(0)' enqueued event < ____Migration.TablePeekEvent >.
<DequeueLog> Machine 'ServiceMachine(1)' dequeued event < ____Migration.GenericDispatchableEvent >.
<ActionLog> Machine 'ServiceMachine(1)' executed action 'DispatchPayload' in state 'MainState'.
<SendLog> Machine 'ServiceMachine(1)' sent event 'Migration.GenericDispatchableEvent' to 'ServiceMachine(1)'.
<EnqueueLog> Machine 'ServiceMachine(1)' enqueued event < ____Migration.GenericDispatchableEvent >.
<DequeueLog> Machine 'ServiceMachine(1)' dequeued event < ____Migration.GenericDispatchableEvent >.
<ActionLog> Machine 'ServiceMachine(1)' executed action 'DispatchPayload' in state 'MainState'.
Start call from [TablesMachine,0,,] to [ServiceMachine,1,,]: <configService subscriber>.ApplyConfigurationAsync(Migration.MTableConfiguration)
End call from [TablesMachine,0,,] to [ServiceMachine,1,,]: <configService subscriber>.ApplyConfigurationAsync(Migration.MTableConfiguration) with outcome: null
<SendLog> Machine 'ServiceMachine(1)' sent event 'Migration.GenericDispatchableEvent' to 'TablesMachine(0)'.
<EnqueueLog> Machine 'TablesMachine(0)' enqueued event < ____Migration.GenericDispatchableEvent >.
<DequeueLog> Machine 'ServiceMachine(1)' dequeued event < ____Migration.GenericDispatchableEvent >.
<ActionLog> Machine 'ServiceMachine(1)' executed action 'DispatchPayload' in state 'MainState'.
[ServiceMachine,1,,] starting batch: TableBatchOperation{TableOperation.InsertOrMerge(ITableEntity{[PartitionKey, ],[RowKey, 3],[ETag, ],[Timestamp, 1/1/0001 12:00:00 AM +00:00],[[ServiceMachine,1,,]_c1_o0, True],[isHappy, True]}),TableOperation.Delete(ITableEntity{[PartitionKey, ],[RowKey, 2],[ETag, **],[Timestamp, 1/1/0001 12:00:00 AM +00:00],[[ServiceMachine,1,,]_c1_o1, True],[isHappy, False]})}
<SendLog> Machine 'ServiceMachine(1)' sent event 'Migration.TableCallEvent' to 'TablesMachine(0)'.
<EnqueueLog> Machine 'TablesMachine(0)' enqueued event < ____Migration.TableCallEvent >.
<SendLog> Machine 'TablesMachine(0)' sent event 'Migration.GenericDispatchableEvent' to 'MigratorMachine(0)'.
<EnqueueLog> Machine 'MigratorMachine(0)' enqueued event < ____Migration.GenericDispatchableEvent >.
<DequeueLog> Machine 'TablesMachine(0)' dequeued event < ____Migration.GenericDispatchableEvent >.
<ActionLog> Machine 'TablesMachine(0)' executed action 'DispatchPayload' in state 'Ready'.
<DequeueLog> Machine 'TablesMachine(0)' dequeued event < ____Migration.TablePeekEvent >.
<ActionLog> Machine 'TablesMachine(0)' executed action 'DispatchPayload' in state 'Ready'.
Start call from [ServiceMachine,0,,] to [TablesMachine,0,,]: tablesMachinePeek.GetValidStreamReadRows(1,ChainTableInterface.EmptyFilterExpression,PrimaryKey(, 0 ))
End call from [ServiceMachine,0,,] to [TablesMachine,0,,]: tablesMachinePeek.GetValidStreamReadRows(1,ChainTableInterface.EmptyFilterExpression,PrimaryKey(, 0 )) with outcome: IReadOnlyList{ITableEntity{[PartitionKey, ],[RowKey, 1],[ETag, 2],[Timestamp, 1/1/0001 12:00:00 AM +00:00],[isHappy, False]}}
<SendLog> Machine 'TablesMachine(0)' sent event 'Migration.GenericDispatchableEvent' to 'ServiceMachine(0)'.
<EnqueueLog> Machine 'ServiceMachine(0)' enqueued event < ____Migration.GenericDispatchableEvent >.
<DequeueLog> Machine 'MigratorMachine(0)' dequeued event < ____Migration.GenericDispatchableEvent >.
<ActionLog> Machine 'MigratorMachine(0)' executed action 'DispatchPayload' in state 'MainState'.
Start call from [TablesMachine,0,,] to [MigratorMachine,0,,]: <configService subscriber>.ApplyConfigurationAsync(Migration.MTableConfiguration)
End call from [TablesMachine,0,,] to [MigratorMachine,0,,]: <configService subscriber>.ApplyConfigurationAsync(Migration.MTableConfiguration) with outcome: null
<SendLog> Machine 'MigratorMachine(0)' sent event 'Migration.GenericDispatchableEvent' to 'TablesMachine(0)'.
<EnqueueLog> Machine 'TablesMachine(0)' enqueued event < ____Migration.GenericDispatchableEvent >.
<DequeueLog> Machine 'TablesMachine(0)' dequeued event < ____Migration.GenericDispatchableEvent >.
<ActionLog> Machine 'TablesMachine(0)' executed action 'DispatchPayload' in state 'Ready'.
<DequeueLog> Machine 'TablesMachine(0)' dequeued event < ____Migration.TableCallEvent >.
<ExitLog> Machine 'TablesMachine(0)' exiting state 'Ready'.
Start call from [ServiceMachine,1,,] to [TablesMachine,0,,]: oldTable.ExecuteQueryAtomicAsync(TableQuery<Migration.MTableEntity>{FilterString=(PartitionKey eq '') and (RowKey eq '_mtable_partition_meta'), SelectColumns=, TakeCount=},null,null)
End call from [ServiceMachine,1,,] to [TablesMachine,0,,]: oldTable.ExecuteQueryAtomicAsync(TableQuery<Migration.MTableEntity>{FilterString=(PartitionKey eq '') and (RowKey eq '_mtable_partition_meta'), SelectColumns=, TakeCount=},null,null) with outcome: IReadOnlyList{}
<SendLog> Machine 'TablesMachine(0)' sent event 'Migration.GenericDispatchableEvent' to 'ServiceMachine(1)'.
<EnqueueLog> Machine 'ServiceMachine(1)' enqueued event < ____Migration.GenericDispatchableEvent >.
<StateLog> Machine 'TablesMachine(0)' entering state 'WaitingForAnnotation'.
<DequeueLog> Machine 'TablesMachine(0)' dequeued event < ____Migration.GenericDispatchableEvent >.
<ActionLog> Machine 'TablesMachine(0)' executed action 'DispatchPayload' in state 'WaitingForAnnotation'.
End call from [MigratorMachine,0,,] to [TablesMachine,0,,]: configService.PushConfigurationAsync(Migration.MTableConfiguration) with outcome: null
<SendLog> Machine 'TablesMachine(0)' sent event 'Migration.GenericDispatchableEvent' to 'MigratorMachine(0)'.
<EnqueueLog> Machine 'MigratorMachine(0)' enqueued event < ____Migration.GenericDispatchableEvent >.
<DequeueLog> Machine 'ServiceMachine(1)' dequeued event < ____Migration.GenericDispatchableEvent >.
<ActionLog> Machine 'ServiceMachine(1)' executed action 'DispatchPayload' in state 'MainState'.
<SendLog> Machine 'ServiceMachine(1)' sent event 'Migration.GenericDispatchableEvent' to 'ServiceMachine(1)'.
<EnqueueLog> Machine 'ServiceMachine(1)' enqueued event < ____Migration.GenericDispatchableEvent >.
<DequeueLog> Machine 'ServiceMachine(1)' dequeued event < ____Migration.GenericDispatchableEvent >.
<ActionLog> Machine 'ServiceMachine(1)' executed action 'DispatchPayload' in state 'MainState'.
<SendLog> Machine 'ServiceMachine(1)' sent event 'Migration.TableCallAnnotationEvent' to 'TablesMachine(0)'.
<EnqueueLog> Machine 'TablesMachine(0)' enqueued event < ____Migration.TableCallAnnotationEvent >.
<DequeueLog> Machine 'TablesMachine(0)' dequeued event < ____Migration.TableCallAnnotationEvent >.
<ExitLog> Machine 'TablesMachine(0)' exiting state 'WaitingForAnnotation'.
Start call from [ServiceMachine,1,,] to [TablesMachine,0,,]: tablesMachineAnnotation.AnnotateLastBackendCallAsync(null,null)
End call from [ServiceMachine,1,,] to [TablesMachine,0,,]: tablesMachineAnnotation.AnnotateLastBackendCallAsync(null,null) with outcome: null
<SendLog> Machine 'TablesMachine(0)' sent event 'Migration.GenericDispatchableEvent' to 'ServiceMachine(1)'.
<EnqueueLog> Machine 'ServiceMachine(1)' enqueued event < ____Migration.GenericDispatchableEvent >.
<StateLog> Machine 'TablesMachine(0)' entering state 'Ready'.
<DequeueLog> Machine 'ServiceMachine(1)' dequeued event < ____Migration.GenericDispatchableEvent >.
<ActionLog> Machine 'ServiceMachine(1)' executed action 'DispatchPayload' in state 'MainState'.
<SendLog> Machine 'ServiceMachine(1)' sent event 'Migration.GenericDispatchableEvent' to 'ServiceMachine(1)'.
<EnqueueLog> Machine 'ServiceMachine(1)' enqueued event < ____Migration.GenericDispatchableEvent >.
<DequeueLog> Machine 'MigratorMachine(0)' dequeued event < ____Migration.GenericDispatchableEvent >.
<ActionLog> Machine 'MigratorMachine(0)' executed action 'DispatchPayload' in state 'MainState'.
<SendLog> Machine 'MigratorMachine(0)' sent event 'Migration.GenericDispatchableEvent' to 'MigratorMachine(0)'.
<EnqueueLog> Machine 'MigratorMachine(0)' enqueued event < ____Migration.GenericDispatchableEvent >.
<DequeueLog> Machine 'ServiceMachine(1)' dequeued event < ____Migration.GenericDispatchableEvent >.
<ActionLog> Machine 'ServiceMachine(1)' executed action 'DispatchPayload' in state 'MainState'.
<SendLog> Machine 'ServiceMachine(1)' sent event 'Migration.TableCallEvent' to 'TablesMachine(0)'.
<EnqueueLog> Machine 'TablesMachine(0)' enqueued event < ____Migration.TableCallEvent >.
<DequeueLog> Machine 'TablesMachine(0)' dequeued event < ____Migration.TableCallEvent >.
<ExitLog> Machine 'TablesMachine(0)' exiting state 'Ready'.
Start call from [ServiceMachine,1,,] to [TablesMachine,0,,]: oldTable.ExecuteAsync(TableOperation.Insert(ITableEntity{[PartitionKey, ],[RowKey, _mtable_partition_meta],[ETag, ],[Timestamp, 1/1/0001 12:00:00 AM +00:00],[_mtable_deleted, False],[_mtable_partition_state, 1]}),null,null)
End call from [ServiceMachine,1,,] to [TablesMachine,0,,]: oldTable.ExecuteAsync(TableOperation.Insert(ITableEntity{[PartitionKey, ],[RowKey, _mtable_partition_meta],[ETag, ],[Timestamp, 1/1/0001 12:00:00 AM +00:00],[_mtable_deleted, False],[_mtable_partition_state, 1]}),null,null) with outcome: TableResult{HttpStatusCode=201, ETag=5, Result=ITableEntity{[PartitionKey, ],[RowKey, _mtable_partition_meta],[ETag, 5],[Timestamp, 1/1/0001 12:00:00 AM +00:00],[_mtable_deleted, False],[_mtable_partition_state, 1]}}
<SendLog> Machine 'TablesMachine(0)' sent event 'Migration.GenericDispatchableEvent' to 'ServiceMachine(1)'.
<EnqueueLog> Machine 'ServiceMachine(1)' enqueued event < ____Migration.GenericDispatchableEvent >.
<StateLog> Machine 'TablesMachine(0)' entering state 'WaitingForAnnotation'.
<DequeueLog> Machine 'ServiceMachine(0)' dequeued event < ____Migration.GenericDispatchableEvent >.
<ActionLog> Machine 'ServiceMachine(0)' executed action 'DispatchPayload' in state 'MainState'.
<SendLog> Machine 'ServiceMachine(0)' sent event 'Migration.GenericDispatchableEvent' to 'ServiceMachine(0)'.
<EnqueueLog> Machine 'ServiceMachine(0)' enqueued event < ____Migration.GenericDispatchableEvent >.
<DequeueLog> Machine 'ServiceMachine(1)' dequeued event < ____Migration.GenericDispatchableEvent >.
<ActionLog> Machine 'ServiceMachine(1)' executed action 'DispatchPayload' in state 'MainState'.
<SendLog> Machine 'ServiceMachine(1)' sent event 'Migration.GenericDispatchableEvent' to 'ServiceMachine(1)'.
<EnqueueLog> Machine 'ServiceMachine(1)' enqueued event < ____Migration.GenericDispatchableEvent >.
<DequeueLog> Machine 'MigratorMachine(0)' dequeued event < ____Migration.GenericDispatchableEvent >.
<ActionLog> Machine 'MigratorMachine(0)' executed action 'DispatchPayload' in state 'MainState'.
<SendLog> Machine 'MigratorMachine(0)' sent event 'Migration.GenericDispatchableEvent' to 'TablesMachine(0)'.
<EnqueueLog> Machine 'TablesMachine(0)' enqueued event < ____Migration.GenericDispatchableEvent >.
<DequeueLog> Machine 'ServiceMachine(0)' dequeued event < ____Migration.GenericDispatchableEvent >.
<ActionLog> Machine 'ServiceMachine(0)' executed action 'DispatchPayload' in state 'MainState'.
<SendLog> Machine 'ServiceMachine(0)' sent event 'Migration.GenericDispatchableEvent' to 'TablesMachine(0)'.
<EnqueueLog> Machine 'TablesMachine(0)' enqueued event < ____Migration.GenericDispatchableEvent >.
<DequeueLog> Machine 'ServiceMachine(1)' dequeued event < ____Migration.GenericDispatchableEvent >.
<ActionLog> Machine 'ServiceMachine(1)' executed action 'DispatchPayload' in state 'MainState'.
<SendLog> Machine 'ServiceMachine(1)' sent event 'Migration.TableCallAnnotationEvent' to 'TablesMachine(0)'.
<EnqueueLog> Machine 'TablesMachine(0)' enqueued event < ____Migration.TableCallAnnotationEvent >.
<DequeueLog> Machine 'TablesMachine(0)' dequeued event < ____Migration.GenericDispatchableEvent >.
<ActionLog> Machine 'TablesMachine(0)' executed action 'DispatchPayload' in state 'WaitingForAnnotation'.
Start call from [MigratorMachine,0,,] to [TablesMachine,0,,]: oldTable.ExecuteQueryStreamedAsync(TableQuery<Migration.MTableEntity>{FilterString=, SelectColumns=, TakeCount=},null,null)
End call from [MigratorMachine,0,,] to [TablesMachine,0,,]: oldTable.ExecuteQueryStreamedAsync(TableQuery<Migration.MTableEntity>{FilterString=, SelectColumns=, TakeCount=},null,null) with outcome: Migration.InMemoryTableWithHistory+NondeterministicQueryStream`1[Migration.MTableEntity]
<SendLog> Machine 'TablesMachine(0)' sent event 'Migration.GenericDispatchableEvent' to 'MigratorMachine(0)'.
<EnqueueLog> Machine 'MigratorMachine(0)' enqueued event < ____Migration.GenericDispatchableEvent >.
<DequeueLog> Machine 'TablesMachine(0)' dequeued event < ____Migration.GenericDispatchableEvent >.
<ActionLog> Machine 'TablesMachine(0)' executed action 'DispatchPayload' in state 'WaitingForAnnotation'.
Start call from [ServiceMachine,0,,] to [TablesMachine,0,,]: <oldTable QueryStream>.ReadRowAsync()
NondeterministicQueryStream: possibleRows IReadOnlyList{ITableEntity{[PartitionKey, ],[RowKey, 3],[ETag, 3],[Timestamp, 1/1/0001 12:00:00 AM +00:00],[isHappy, False]}}, choiceIndex 0
End call from [ServiceMachine,0,,] to [TablesMachine,0,,]: <oldTable QueryStream>.ReadRowAsync() with outcome: ITableEntity{[PartitionKey, ],[RowKey, 3],[ETag, 3],[Timestamp, 1/1/0001 12:00:00 AM +00:00],[_mtable_deleted, False],[isHappy, False]}
<SendLog> Machine 'TablesMachine(0)' sent event 'Migration.GenericDispatchableEvent' to 'ServiceMachine(0)'.
<EnqueueLog> Machine 'ServiceMachine(0)' enqueued event < ____Migration.GenericDispatchableEvent >.
<DequeueLog> Machine 'TablesMachine(0)' dequeued event < ____Migration.TableCallAnnotationEvent >.
<ExitLog> Machine 'TablesMachine(0)' exiting state 'WaitingForAnnotation'.
Start call from [ServiceMachine,1,,] to [TablesMachine,0,,]: tablesMachineAnnotation.AnnotateLastBackendCallAsync(null,null)
End call from [ServiceMachine,1,,] to [TablesMachine,0,,]: tablesMachineAnnotation.AnnotateLastBackendCallAsync(null,null) with outcome: null
<SendLog> Machine 'TablesMachine(0)' sent event 'Migration.GenericDispatchableEvent' to 'ServiceMachine(1)'.
<EnqueueLog> Machine 'ServiceMachine(1)' enqueued event < ____Migration.GenericDispatchableEvent >.
<StateLog> Machine 'TablesMachine(0)' entering state 'Ready'.
<DequeueLog> Machine 'ServiceMachine(0)' dequeued event < ____Migration.GenericDispatchableEvent >.
<ActionLog> Machine 'ServiceMachine(0)' executed action 'DispatchPayload' in state 'MainState'.
<SendLog> Machine 'ServiceMachine(0)' sent event 'Migration.GenericDispatchableEvent' to 'ServiceMachine(0)'.
<EnqueueLog> Machine 'ServiceMachine(0)' enqueued event < ____Migration.GenericDispatchableEvent >.
<DequeueLog> Machine 'MigratorMachine(0)' dequeued event < ____Migration.GenericDispatchableEvent >.
<ActionLog> Machine 'MigratorMachine(0)' executed action 'DispatchPayload' in state 'MainState'.
<SendLog> Machine 'MigratorMachine(0)' sent event 'Migration.GenericDispatchableEvent' to 'MigratorMachine(0)'.
<EnqueueLog> Machine 'MigratorMachine(0)' enqueued event < ____Migration.GenericDispatchableEvent >.
<DequeueLog> Machine 'ServiceMachine(1)' dequeued event < ____Migration.GenericDispatchableEvent >.
<ActionLog> Machine 'ServiceMachine(1)' executed action 'DispatchPayload' in state 'MainState'.
<SendLog> Machine 'ServiceMachine(1)' sent event 'Migration.GenericDispatchableEvent' to 'ServiceMachine(1)'.
<EnqueueLog> Machine 'ServiceMachine(1)' enqueued event < ____Migration.GenericDispatchableEvent >.
<DequeueLog> Machine 'ServiceMachine(1)' dequeued event < ____Migration.GenericDispatchableEvent >.
<ActionLog> Machine 'ServiceMachine(1)' executed action 'DispatchPayload' in state 'MainState'.
<SendLog> Machine 'ServiceMachine(1)' sent event 'Migration.TableCallEvent' to 'TablesMachine(0)'.
<EnqueueLog> Machine 'TablesMachine(0)' enqueued event < ____Migration.TableCallEvent >.
<DequeueLog> Machine 'ServiceMachine(0)' dequeued event < ____Migration.GenericDispatchableEvent >.
<ActionLog> Machine 'ServiceMachine(0)' executed action 'DispatchPayload' in state 'MainState'.
[ServiceMachine,0,,] query stream returned row ITableEntity{[PartitionKey, ],[RowKey, 1],[ETag, 2],[Timestamp, 1/1/0001 12:00:00 AM +00:00],[isHappy, False]}, which is valid
<SendLog> Machine 'ServiceMachine(0)' sent event 'Migration.TablePeekEvent' to 'TablesMachine(0)'.
<EnqueueLog> Machine 'TablesMachine(0)' enqueued event < ____Migration.TablePeekEvent >.
<DequeueLog> Machine 'MigratorMachine(0)' dequeued event < ____Migration.GenericDispatchableEvent >.
<ActionLog> Machine 'MigratorMachine(0)' executed action 'DispatchPayload' in state 'MainState'.
<SendLog> Machine 'MigratorMachine(0)' sent event 'Migration.GenericDispatchableEvent' to 'TablesMachine(0)'.
<EnqueueLog> Machine 'TablesMachine(0)' enqueued event < ____Migration.GenericDispatchableEvent >.
<DequeueLog> Machine 'TablesMachine(0)' dequeued event < ____Migration.TableCallEvent >.
<ExitLog> Machine 'TablesMachine(0)' exiting state 'Ready'.
Start call from [ServiceMachine,1,,] to [TablesMachine,0,,]: oldTable.ExecuteQueryAtomicAsync(TableQuery<Migration.MTableEntity>{FilterString=(PartitionKey eq '') and ((RowKey eq '3') or (RowKey eq '2')), SelectColumns=, TakeCount=},null,null)
End call from [ServiceMachine,1,,] to [TablesMachine,0,,]: oldTable.ExecuteQueryAtomicAsync(TableQuery<Migration.MTableEntity>{FilterString=(PartitionKey eq '') and ((RowKey eq '3') or (RowKey eq '2')), SelectColumns=, TakeCount=},null,null) with outcome: IReadOnlyList{ITableEntity{[PartitionKey, ],[RowKey, 3],[ETag, 3],[Timestamp, 1/1/0001 12:00:00 AM +00:00],[_mtable_deleted, False],[isHappy, False]}}
<SendLog> Machine 'TablesMachine(0)' sent event 'Migration.GenericDispatchableEvent' to 'ServiceMachine(1)'.
<EnqueueLog> Machine 'ServiceMachine(1)' enqueued event < ____Migration.GenericDispatchableEvent >.
<StateLog> Machine 'TablesMachine(0)' entering state 'WaitingForAnnotation'.
<DequeueLog> Machine 'TablesMachine(0)' dequeued event < ____Migration.GenericDispatchableEvent >.
<ActionLog> Machine 'TablesMachine(0)' executed action 'DispatchPayload' in state 'WaitingForAnnotation'.
Start call from [MigratorMachine,0,,] to [TablesMachine,0,,]: <oldTable QueryStream>.ReadRowAsync()
NondeterministicQueryStream: possibleRows IReadOnlyList{ITableEntity{[PartitionKey, ],[RowKey, 0],[ETag, 1],[Timestamp, 1/1/0001 12:00:00 AM +00:00],[isHappy, True]}}, choiceIndex 0
End call from [MigratorMachine,0,,] to [TablesMachine,0,,]: <oldTable QueryStream>.ReadRowAsync() with outcome: ITableEntity{[PartitionKey, ],[RowKey, 0],[ETag, 1],[Timestamp, 1/1/0001 12:00:00 AM +00:00],[_mtable_deleted, False],[isHappy, True]}
<SendLog> Machine 'TablesMachine(0)' sent event 'Migration.GenericDispatchableEvent' to 'MigratorMachine(0)'.
<EnqueueLog> Machine 'MigratorMachine(0)' enqueued event < ____Migration.GenericDispatchableEvent >.
<DequeueLog> Machine 'ServiceMachine(1)' dequeued event < ____Migration.GenericDispatchableEvent >.
<ActionLog> Machine 'ServiceMachine(1)' executed action 'DispatchPayload' in state 'MainState'.
<SendLog> Machine 'ServiceMachine(1)' sent event 'Migration.GenericDispatchableEvent' to 'ServiceMachine(1)'.
<EnqueueLog> Machine 'ServiceMachine(1)' enqueued event < ____Migration.GenericDispatchableEvent >.
<DequeueLog> Machine 'MigratorMachine(0)' dequeued event < ____Migration.GenericDispatchableEvent >.
<ActionLog> Machine 'MigratorMachine(0)' executed action 'DispatchPayload' in state 'MainState'.
<SendLog> Machine 'MigratorMachine(0)' sent event 'Migration.GenericDispatchableEvent' to 'MigratorMachine(0)'.
<EnqueueLog> Machine 'MigratorMachine(0)' enqueued event < ____Migration.GenericDispatchableEvent >.
<DequeueLog> Machine 'MigratorMachine(0)' dequeued event < ____Migration.GenericDispatchableEvent >.
<ActionLog> Machine 'MigratorMachine(0)' executed action 'DispatchPayload' in state 'MainState'.
<SendLog> Machine 'MigratorMachine(0)' sent event 'Migration.TableCallEvent' to 'TablesMachine(0)'.
<EnqueueLog> Machine 'TablesMachine(0)' enqueued event < ____Migration.TableCallEvent >.
<DequeueLog> Machine 'ServiceMachine(1)' dequeued event < ____Migration.GenericDispatchableEvent >.
<ActionLog> Machine 'ServiceMachine(1)' executed action 'DispatchPayload' in state 'MainState'.
<SendLog> Machine 'ServiceMachine(1)' sent event 'Migration.TableCallAnnotationEvent' to 'TablesMachine(0)'.
<EnqueueLog> Machine 'TablesMachine(0)' enqueued event < ____Migration.TableCallAnnotationEvent >.
<DequeueLog> Machine 'TablesMachine(0)' dequeued event < ____Migration.TableCallAnnotationEvent >.
<ExitLog> Machine 'TablesMachine(0)' exiting state 'WaitingForAnnotation'.
Start call from [ServiceMachine,1,,] to [TablesMachine,0,,]: tablesMachineAnnotation.AnnotateLastBackendCallAsync(null,null)
End call from [ServiceMachine,1,,] to [TablesMachine,0,,]: tablesMachineAnnotation.AnnotateLastBackendCallAsync(null,null) with outcome: null
<SendLog> Machine 'TablesMachine(0)' sent event 'Migration.GenericDispatchableEvent' to 'ServiceMachine(1)'.
<EnqueueLog> Machine 'ServiceMachine(1)' enqueued event < ____Migration.GenericDispatchableEvent >.
<StateLog> Machine 'TablesMachine(0)' entering state 'Ready'.
<DequeueLog> Machine 'TablesMachine(0)' dequeued event < ____Migration.TablePeekEvent >.
<ActionLog> Machine 'TablesMachine(0)' executed action 'DispatchPayload' in state 'Ready'.
Start call from [ServiceMachine,0,,] to [TablesMachine,0,,]: tablesMachinePeek.GetValidStreamReadRows(1,ChainTableInterface.EmptyFilterExpression,PrimaryKey(, 1 ))
End call from [ServiceMachine,0,,] to [TablesMachine,0,,]: tablesMachinePeek.GetValidStreamReadRows(1,ChainTableInterface.EmptyFilterExpression,PrimaryKey(, 1 )) with outcome: IReadOnlyList{ITableEntity{[PartitionKey, ],[RowKey, 3],[ETag, 3],[Timestamp, 1/1/0001 12:00:00 AM +00:00],[isHappy, False]}}
<SendLog> Machine 'TablesMachine(0)' sent event 'Migration.GenericDispatchableEvent' to 'ServiceMachine(0)'.
<EnqueueLog> Machine 'ServiceMachine(0)' enqueued event < ____Migration.GenericDispatchableEvent >.
<DequeueLog> Machine 'ServiceMachine(0)' dequeued event < ____Migration.GenericDispatchableEvent >.
<ActionLog> Machine 'ServiceMachine(0)' executed action 'DispatchPayload' in state 'MainState'.
<SendLog> Machine 'ServiceMachine(0)' sent event 'Migration.GenericDispatchableEvent' to 'ServiceMachine(0)'.
<EnqueueLog> Machine 'ServiceMachine(0)' enqueued event < ____Migration.GenericDispatchableEvent >.
<DequeueLog> Machine 'ServiceMachine(0)' dequeued event < ____Migration.GenericDispatchableEvent >.
<ActionLog> Machine 'ServiceMachine(0)' executed action 'DispatchPayload' in state 'MainState'.
<SendLog> Machine 'ServiceMachine(0)' sent event 'Migration.GenericDispatchableEvent' to 'TablesMachine(0)'.
<EnqueueLog> Machine 'TablesMachine(0)' enqueued event < ____Migration.GenericDispatchableEvent >.
<DequeueLog> Machine 'ServiceMachine(1)' dequeued event < ____Migration.GenericDispatchableEvent >.
<ActionLog> Machine 'ServiceMachine(1)' executed action 'DispatchPayload' in state 'MainState'.
<SendLog> Machine 'ServiceMachine(1)' sent event 'Migration.GenericDispatchableEvent' to 'ServiceMachine(1)'.
<EnqueueLog> Machine 'ServiceMachine(1)' enqueued event < ____Migration.GenericDispatchableEvent >.
<DequeueLog> Machine 'ServiceMachine(1)' dequeued event < ____Migration.GenericDispatchableEvent >.
<ActionLog> Machine 'ServiceMachine(1)' executed action 'DispatchPayload' in state 'MainState'.
<SendLog> Machine 'ServiceMachine(1)' sent event 'Migration.TableCallEvent' to 'TablesMachine(0)'.
<EnqueueLog> Machine 'TablesMachine(0)' enqueued event < ____Migration.TableCallEvent >.
<DequeueLog> Machine 'TablesMachine(0)' dequeued event < ____Migration.TableCallEvent >.
<ExitLog> Machine 'TablesMachine(0)' exiting state 'Ready'.
Start call from [MigratorMachine,0,,] to [TablesMachine,0,,]: oldTable.ExecuteQueryAtomicAsync(TableQuery<Migration.MTableEntity>{FilterString=(PartitionKey eq '') and (RowKey eq '_mtable_partition_meta'), SelectColumns=, TakeCount=},null,null)
End call from [MigratorMachine,0,,] to [TablesMachine,0,,]: oldTable.ExecuteQueryAtomicAsync(TableQuery<Migration.MTableEntity>{FilterString=(PartitionKey eq '') and (RowKey eq '_mtable_partition_meta'), SelectColumns=, TakeCount=},null,null) with outcome: IReadOnlyList{ITableEntity{[PartitionKey, ],[RowKey, _mtable_partition_meta],[ETag, 5],[Timestamp, 1/1/0001 12:00:00 AM +00:00],[_mtable_deleted, False],[_mtable_partition_state, 1]}}
<SendLog> Machine 'TablesMachine(0)' sent event 'Migration.GenericDispatchableEvent' to 'MigratorMachine(0)'.
<EnqueueLog> Machine 'MigratorMachine(0)' enqueued event < ____Migration.GenericDispatchableEvent >.
<StateLog> Machine 'TablesMachine(0)' entering state 'WaitingForAnnotation'.
<DequeueLog> Machine 'TablesMachine(0)' dequeued event < ____Migration.GenericDispatchableEvent >.
<ActionLog> Machine 'TablesMachine(0)' executed action 'DispatchPayload' in state 'WaitingForAnnotation'.
Start call from [ServiceMachine,0,,] to [TablesMachine,0,,]: <oldTable QueryStream>.ReadRowAsync()
NondeterministicQueryStream: possibleRows IReadOnlyList{ITableEntity{[PartitionKey, ],[RowKey, 4],[ETag, 4],[Timestamp, 1/1/0001 12:00:00 AM +00:00],[isHappy, True]}}, choiceIndex 0
End call from [ServiceMachine,0,,] to [TablesMachine,0,,]: <oldTable QueryStream>.ReadRowAsync() with outcome: ITableEntity{[PartitionKey, ],[RowKey, 4],[ETag, 4],[Timestamp, 1/1/0001 12:00:00 AM +00:00],[_mtable_deleted, False],[isHappy, True]}
<SendLog> Machine 'TablesMachine(0)' sent event 'Migration.GenericDispatchableEvent' to 'ServiceMachine(0)'.
<EnqueueLog> Machine 'ServiceMachine(0)' enqueued event < ____Migration.GenericDispatchableEvent >.
<DequeueLog> Machine 'MigratorMachine(0)' dequeued event < ____Migration.GenericDispatchableEvent >.
<ActionLog> Machine 'MigratorMachine(0)' executed action 'DispatchPayload' in state 'MainState'.
<SendLog> Machine 'MigratorMachine(0)' sent event 'Migration.GenericDispatchableEvent' to 'MigratorMachine(0)'.
<EnqueueLog> Machine 'MigratorMachine(0)' enqueued event < ____Migration.GenericDispatchableEvent >.
<DequeueLog> Machine 'ServiceMachine(0)' dequeued event < ____Migration.GenericDispatchableEvent >.
<ActionLog> Machine 'ServiceMachine(0)' executed action 'DispatchPayload' in state 'MainState'.
<SendLog> Machine 'ServiceMachine(0)' sent event 'Migration.GenericDispatchableEvent' to 'ServiceMachine(0)'.
<EnqueueLog> Machine 'ServiceMachine(0)' enqueued event < ____Migration.GenericDispatchableEvent >.
<DequeueLog> Machine 'ServiceMachine(0)' dequeued event < ____Migration.GenericDispatchableEvent >.
<ActionLog> Machine 'ServiceMachine(0)' executed action 'DispatchPayload' in state 'MainState'.
[ServiceMachine,0,,] query stream returned row ITableEntity{[PartitionKey, ],[RowKey, 3],[ETag, 3],[Timestamp, 1/1/0001 12:00:00 AM +00:00],[isHappy, False]}, which is valid
<SendLog> Machine 'ServiceMachine(0)' sent event 'Migration.TablePeekEvent' to 'TablesMachine(0)'.
<EnqueueLog> Machine 'TablesMachine(0)' enqueued event < ____Migration.TablePeekEvent >.
<DequeueLog> Machine 'MigratorMachine(0)' dequeued event < ____Migration.GenericDispatchableEvent >.
<ActionLog> Machine 'MigratorMachine(0)' executed action 'DispatchPayload' in state 'MainState'.
<SendLog> Machine 'MigratorMachine(0)' sent event 'Migration.TableCallAnnotationEvent' to 'TablesMachine(0)'.
<EnqueueLog> Machine 'TablesMachine(0)' enqueued event < ____Migration.TableCallAnnotationEvent >.
<DequeueLog> Machine 'TablesMachine(0)' dequeued event < ____Migration.TableCallAnnotationEvent >.
<ExitLog> Machine 'TablesMachine(0)' exiting state 'WaitingForAnnotation'.
Start call from [MigratorMachine,0,,] to [TablesMachine,0,,]: tablesMachineAnnotation.AnnotateLastBackendCallAsync(null,null)
End call from [MigratorMachine,0,,] to [TablesMachine,0,,]: tablesMachineAnnotation.AnnotateLastBackendCallAsync(null,null) with outcome: null
<SendLog> Machine 'TablesMachine(0)' sent event 'Migration.GenericDispatchableEvent' to 'MigratorMachine(0)'.
<EnqueueLog> Machine 'MigratorMachine(0)' enqueued event < ____Migration.GenericDispatchableEvent >.
<DequeueLog> Machine 'MigratorMachine(0)' dequeued event < ____Migration.GenericDispatchableEvent >.
<ActionLog> Machine 'MigratorMachine(0)' executed action 'DispatchPayload' in state 'MainState'.
<SendLog> Machine 'MigratorMachine(0)' sent event 'Migration.GenericDispatchableEvent' to 'MigratorMachine(0)'.
<EnqueueLog> Machine 'MigratorMachine(0)' enqueued event < ____Migration.GenericDispatchableEvent >.
<StateLog> Machine 'TablesMachine(0)' entering state 'Ready'.
<DequeueLog> Machine 'TablesMachine(0)' dequeued event < ____Migration.TableCallEvent >.
<ExitLog> Machine 'TablesMachine(0)' exiting state 'Ready'.
Start call from [ServiceMachine,1,,] to [TablesMachine,0,,]: newTable.ExecuteQueryAtomicAsync(TableQuery<Migration.MTableEntity>{FilterString=(PartitionKey eq '') and ((RowKey eq '3') or (RowKey eq '2')), SelectColumns=, TakeCount=},null,null)
End call from [ServiceMachine,1,,] to [TablesMachine,0,,]: newTable.ExecuteQueryAtomicAsync(TableQuery<Migration.MTableEntity>{FilterString=(PartitionKey eq '') and ((RowKey eq '3') or (RowKey eq '2')), SelectColumns=, TakeCount=},null,null) with outcome: IReadOnlyList{}
<SendLog> Machine 'TablesMachine(0)' sent event 'Migration.GenericDispatchableEvent' to 'ServiceMachine(1)'.
<EnqueueLog> Machine 'ServiceMachine(1)' enqueued event < ____Migration.GenericDispatchableEvent >.
<DequeueLog> Machine 'MigratorMachine(0)' dequeued event < ____Migration.GenericDispatchableEvent >.
<ActionLog> Machine 'MigratorMachine(0)' executed action 'DispatchPayload' in state 'MainState'.
<SendLog> Machine 'MigratorMachine(0)' sent event 'Migration.TableCallEvent' to 'TablesMachine(0)'.
<EnqueueLog> Machine 'TablesMachine(0)' enqueued event < ____Migration.TableCallEvent >.
<StateLog> Machine 'TablesMachine(0)' entering state 'WaitingForAnnotation'.
<DequeueLog> Machine 'ServiceMachine(1)' dequeued event < ____Migration.GenericDispatchableEvent >.
<ActionLog> Machine 'ServiceMachine(1)' executed action 'DispatchPayload' in state 'MainState'.
<SendLog> Machine 'ServiceMachine(1)' sent event 'Migration.GenericDispatchableEvent' to 'ServiceMachine(1)'.
<EnqueueLog> Machine 'ServiceMachine(1)' enqueued event < ____Migration.GenericDispatchableEvent >.
<DequeueLog> Machine 'ServiceMachine(1)' dequeued event < ____Migration.GenericDispatchableEvent >.
<ActionLog> Machine 'ServiceMachine(1)' executed action 'DispatchPayload' in state 'MainState'.
<SendLog> Machine 'ServiceMachine(1)' sent event 'Migration.TableCallAnnotationEvent' to 'TablesMachine(0)'.
<EnqueueLog> Machine 'TablesMachine(0)' enqueued event < ____Migration.TableCallAnnotationEvent >.
<DequeueLog> Machine 'TablesMachine(0)' dequeued event < ____Migration.TableCallAnnotationEvent >.
<ExitLog> Machine 'TablesMachine(0)' exiting state 'WaitingForAnnotation'.
Start call from [ServiceMachine,1,,] to [TablesMachine,0,,]: tablesMachineAnnotation.AnnotateLastBackendCallAsync(null,null)
End call from [ServiceMachine,1,,] to [TablesMachine,0,,]: tablesMachineAnnotation.AnnotateLastBackendCallAsync(null,null) with outcome: null
<SendLog> Machine 'TablesMachine(0)' sent event 'Migration.GenericDispatchableEvent' to 'ServiceMachine(1)'.
<EnqueueLog> Machine 'ServiceMachine(1)' enqueued event < ____Migration.GenericDispatchableEvent >.
<StateLog> Machine 'TablesMachine(0)' entering state 'Ready'.
<DequeueLog> Machine 'TablesMachine(0)' dequeued event < ____Migration.TablePeekEvent >.
<ActionLog> Machine 'TablesMachine(0)' executed action 'DispatchPayload' in state 'Ready'.
Start call from [ServiceMachine,0,,] to [TablesMachine,0,,]: tablesMachinePeek.GetValidStreamReadRows(1,ChainTableInterface.EmptyFilterExpression,PrimaryKey(, 3 ))
End call from [ServiceMachine,0,,] to [TablesMachine,0,,]: tablesMachinePeek.GetValidStreamReadRows(1,ChainTableInterface.EmptyFilterExpression,PrimaryKey(, 3 )) with outcome: IReadOnlyList{ITableEntity{[PartitionKey, ],[RowKey, 4],[ETag, 4],[Timestamp, 1/1/0001 12:00:00 AM +00:00],[isHappy, True]}}
<SendLog> Machine 'TablesMachine(0)' sent event 'Migration.GenericDispatchableEvent' to 'ServiceMachine(0)'.
<EnqueueLog> Machine 'ServiceMachine(0)' enqueued event < ____Migration.GenericDispatchableEvent >.
<DequeueLog> Machine 'ServiceMachine(0)' dequeued event < ____Migration.GenericDispatchableEvent >.
<ActionLog> Machine 'ServiceMachine(0)' executed action 'DispatchPayload' in state 'MainState'.
<SendLog> Machine 'ServiceMachine(0)' sent event 'Migration.GenericDispatchableEvent' to 'ServiceMachine(0)'.
<EnqueueLog> Machine 'ServiceMachine(0)' enqueued event < ____Migration.GenericDispatchableEvent >.
<DequeueLog> Machine 'ServiceMachine(0)' dequeued event < ____Migration.GenericDispatchableEvent >.
<ActionLog> Machine 'ServiceMachine(0)' executed action 'DispatchPayload' in state 'MainState'.
<SendLog> Machine 'ServiceMachine(0)' sent event 'Migration.GenericDispatchableEvent' to 'TablesMachine(0)'.
<EnqueueLog> Machine 'TablesMachine(0)' enqueued event < ____Migration.GenericDispatchableEvent >.
<DequeueLog> Machine 'ServiceMachine(1)' dequeued event < ____Migration.GenericDispatchableEvent >.
<ActionLog> Machine 'ServiceMachine(1)' executed action 'DispatchPayload' in state 'MainState'.
<SendLog> Machine 'ServiceMachine(1)' sent event 'Migration.GenericDispatchableEvent' to 'ServiceMachine(1)'.
<EnqueueLog> Machine 'ServiceMachine(1)' enqueued event < ____Migration.GenericDispatchableEvent >.
<DequeueLog> Machine 'TablesMachine(0)' dequeued event < ____Migration.TableCallEvent >.
<ExitLog> Machine 'TablesMachine(0)' exiting state 'Ready'.
Start call from [MigratorMachine,0,,] to [TablesMachine,0,,]: newTable.ExecuteAsync(TableOperation.Insert(ITableEntity{[PartitionKey, ],[RowKey, 0],[ETag, 1],[Timestamp, 1/1/0001 12:00:00 AM +00:00],[_mtable_deleted, False],[isHappy, True]}),null,null)
End call from [MigratorMachine,0,,] to [TablesMachine,0,,]: newTable.ExecuteAsync(TableOperation.Insert(ITableEntity{[PartitionKey, ],[RowKey, 0],[ETag, 1],[Timestamp, 1/1/0001 12:00:00 AM +00:00],[_mtable_deleted, False],[isHappy, True]}),null,null) with outcome: TableResult{HttpStatusCode=201, ETag=1, Result=ITableEntity{[PartitionKey, ],[RowKey, 0],[ETag, 1],[Timestamp, 1/1/0001 12:00:00 AM +00:00],[_mtable_deleted, False],[isHappy, True]}}
<SendLog> Machine 'TablesMachine(0)' sent event 'Migration.GenericDispatchableEvent' to 'MigratorMachine(0)'.
<EnqueueLog> Machine 'MigratorMachine(0)' enqueued event < ____Migration.GenericDispatchableEvent >.
<StateLog> Machine 'TablesMachine(0)' entering state 'WaitingForAnnotation'.
<DequeueLog> Machine 'TablesMachine(0)' dequeued event < ____Migration.GenericDispatchableEvent >.
<ActionLog> Machine 'TablesMachine(0)' executed action 'DispatchPayload' in state 'WaitingForAnnotation'.
Start call from [ServiceMachine,0,,] to [TablesMachine,0,,]: <oldTable QueryStream>.ReadRowAsync()
NondeterministicQueryStream: possibleRows IReadOnlyList{ITableEntity{[PartitionKey, ],[RowKey, _mtable_partition_meta],[ETag, 5],[Timestamp, 1/1/0001 12:00:00 AM +00:00],[_mtable_deleted, False],[_mtable_partition_state, 1]},null}, choiceIndex 1
End call from [ServiceMachine,0,,] to [TablesMachine,0,,]: <oldTable QueryStream>.ReadRowAsync() with outcome: null
<SendLog> Machine 'TablesMachine(0)' sent event 'Migration.GenericDispatchableEvent' to 'ServiceMachine(0)'.
<EnqueueLog> Machine 'ServiceMachine(0)' enqueued event < ____Migration.GenericDispatchableEvent >.
<DequeueLog> Machine 'ServiceMachine(1)' dequeued event < ____Migration.GenericDispatchableEvent >.
<ActionLog> Machine 'ServiceMachine(1)' executed action 'DispatchPayload' in state 'MainState'.
<SendLog> Machine 'ServiceMachine(1)' sent event 'Migration.TableCallEvent' to 'TablesMachine(0)'.
<EnqueueLog> Machine 'TablesMachine(0)' enqueued event < ____Migration.TableCallEvent >.
<DequeueLog> Machine 'MigratorMachine(0)' dequeued event < ____Migration.GenericDispatchableEvent >.
<ActionLog> Machine 'MigratorMachine(0)' executed action 'DispatchPayload' in state 'MainState'.
<SendLog> Machine 'MigratorMachine(0)' sent event 'Migration.GenericDispatchableEvent' to 'MigratorMachine(0)'.
<EnqueueLog> Machine 'MigratorMachine(0)' enqueued event < ____Migration.GenericDispatchableEvent >.
<DequeueLog> Machine 'MigratorMachine(0)' dequeued event < ____Migration.GenericDispatchableEvent >.
<ActionLog> Machine 'MigratorMachine(0)' executed action 'DispatchPayload' in state 'MainState'.
<SendLog> Machine 'MigratorMachine(0)' sent event 'Migration.TableCallAnnotationEvent' to 'TablesMachine(0)'.
<EnqueueLog> Machine 'TablesMachine(0)' enqueued event < ____Migration.TableCallAnnotationEvent >.
<DequeueLog> Machine 'ServiceMachine(0)' dequeued event < ____Migration.GenericDispatchableEvent >.
<ActionLog> Machine 'ServiceMachine(0)' executed action 'DispatchPayload' in state 'MainState'.
<SendLog> Machine 'ServiceMachine(0)' sent event 'Migration.GenericDispatchableEvent' to 'ServiceMachine(0)'.
<EnqueueLog> Machine 'ServiceMachine(0)' enqueued event < ____Migration.GenericDispatchableEvent >.
<DequeueLog> Machine 'TablesMachine(0)' dequeued event < ____Migration.TableCallAnnotationEvent >.
<ExitLog> Machine 'TablesMachine(0)' exiting state 'WaitingForAnnotation'.
Start call from [MigratorMachine,0,,] to [TablesMachine,0,,]: tablesMachineAnnotation.AnnotateLastBackendCallAsync(null,IReadOnlyList{SpuriousETagChange{partitionKey=, rowKey=0, newETag=1}})
End call from [MigratorMachine,0,,] to [TablesMachine,0,,]: tablesMachineAnnotation.AnnotateLastBackendCallAsync(null,IReadOnlyList{SpuriousETagChange{partitionKey=, rowKey=0, newETag=1}}) with outcome: null
<SendLog> Machine 'TablesMachine(0)' sent event 'Migration.GenericDispatchableEvent' to 'MigratorMachine(0)'.
<EnqueueLog> Machine 'MigratorMachine(0)' enqueued event < ____Migration.GenericDispatchableEvent >.
<DequeueLog> Machine 'ServiceMachine(0)' dequeued event < ____Migration.GenericDispatchableEvent >.
<ActionLog> Machine 'ServiceMachine(0)' executed action 'DispatchPayload' in state 'MainState'.
[ServiceMachine,0,,] query stream returned row ITableEntity{[PartitionKey, ],[RowKey, 4],[ETag, 4],[Timestamp, 1/1/0001 12:00:00 AM +00:00],[isHappy, True]}, which is valid
<SendLog> Machine 'ServiceMachine(0)' sent event 'Migration.TablePeekEvent' to 'TablesMachine(0)'.
<EnqueueLog> Machine 'TablesMachine(0)' enqueued event < ____Migration.TablePeekEvent >.
<DequeueLog> Machine 'MigratorMachine(0)' dequeued event < ____Migration.GenericDispatchableEvent >.
<ActionLog> Machine 'MigratorMachine(0)' executed action 'DispatchPayload' in state 'MainState'.
<SendLog> Machine 'MigratorMachine(0)' sent event 'Migration.GenericDispatchableEvent' to 'MigratorMachine(0)'.
<EnqueueLog> Machine 'MigratorMachine(0)' enqueued event < ____Migration.GenericDispatchableEvent >.
<StateLog> Machine 'TablesMachine(0)' entering state 'Ready'.
<DequeueLog> Machine 'TablesMachine(0)' dequeued event < ____Migration.TableCallEvent >.
<ExitLog> Machine 'TablesMachine(0)' exiting state 'Ready'.
Start call from [ServiceMachine,1,,] to [TablesMachine,0,,]: newTable.ExecuteAsync(TableOperation.Insert(ITableEntity{[PartitionKey, ],[RowKey, 3],[ETag, 3],[Timestamp, 1/1/0001 12:00:00 AM +00:00],[_mtable_deleted, False],[isHappy, False]}),null,null)
End call from [ServiceMachine,1,,] to [TablesMachine,0,,]: newTable.ExecuteAsync(TableOperation.Insert(ITableEntity{[PartitionKey, ],[RowKey, 3],[ETag, 3],[Timestamp, 1/1/0001 12:00:00 AM +00:00],[_mtable_deleted, False],[isHappy, False]}),null,null) with outcome: TableResult{HttpStatusCode=201, ETag=2, Result=ITableEntity{[PartitionKey, ],[RowKey, 3],[ETag, 2],[Timestamp, 1/1/0001 12:00:00 AM +00:00],[_mtable_deleted, False],[isHappy, False]}}
<SendLog> Machine 'TablesMachine(0)' sent event 'Migration.GenericDispatchableEvent' to 'ServiceMachine(1)'.
<EnqueueLog> Machine 'ServiceMachine(1)' enqueued event < ____Migration.GenericDispatchableEvent >.
<StateLog> Machine 'TablesMachine(0)' entering state 'WaitingForAnnotation'.
<DequeueLog> Machine 'ServiceMachine(1)' dequeued event < ____Migration.GenericDispatchableEvent >.
<ActionLog> Machine 'ServiceMachine(1)' executed action 'DispatchPayload' in state 'MainState'.
<SendLog> Machine 'ServiceMachine(1)' sent event 'Migration.GenericDispatchableEvent' to 'ServiceMachine(1)'.
<EnqueueLog> Machine 'ServiceMachine(1)' enqueued event < ____Migration.GenericDispatchableEvent >.
<DequeueLog> Machine 'MigratorMachine(0)' dequeued event < ____Migration.GenericDispatchableEvent >.
<ActionLog> Machine 'MigratorMachine(0)' executed action 'DispatchPayload' in state 'MainState'.
<SendLog> Machine 'MigratorMachine(0)' sent event 'Migration.GenericDispatchableEvent' to 'TablesMachine(0)'.
<EnqueueLog> Machine 'TablesMachine(0)' enqueued event < ____Migration.GenericDispatchableEvent >.
<DequeueLog> Machine 'ServiceMachine(1)' dequeued event < ____Migration.GenericDispatchableEvent >.
<ActionLog> Machine 'ServiceMachine(1)' executed action 'DispatchPayload' in state 'MainState'.
<SendLog> Machine 'ServiceMachine(1)' sent event 'Migration.TableCallAnnotationEvent' to 'TablesMachine(0)'.
<EnqueueLog> Machine 'TablesMachine(0)' enqueued event < ____Migration.TableCallAnnotationEvent >.
<DequeueLog> Machine 'TablesMachine(0)' dequeued event < ____Migration.GenericDispatchableEvent >.
<ActionLog> Machine 'TablesMachine(0)' executed action 'DispatchPayload' in state 'WaitingForAnnotation'.
Start call from [MigratorMachine,0,,] to [TablesMachine,0,,]: <oldTable QueryStream>.ReadRowAsync()
NondeterministicQueryStream: possibleRows IReadOnlyList{ITableEntity{[PartitionKey, ],[RowKey, 1],[ETag, 2],[Timestamp, 1/1/0001 12:00:00 AM +00:00],[isHappy, False]}}, choiceIndex 0
End call from [MigratorMachine,0,,] to [TablesMachine,0,,]: <oldTable QueryStream>.ReadRowAsync() with outcome: ITableEntity{[PartitionKey, ],[RowKey, 1],[ETag, 2],[Timestamp, 1/1/0001 12:00:00 AM +00:00],[_mtable_deleted, False],[isHappy, False]}
<SendLog> Machine 'TablesMachine(0)' sent event 'Migration.GenericDispatchableEvent' to 'MigratorMachine(0)'.
<EnqueueLog> Machine 'MigratorMachine(0)' enqueued event < ____Migration.GenericDispatchableEvent >.
<DequeueLog> Machine 'TablesMachine(0)' dequeued event < ____Migration.TableCallAnnotationEvent >.
<ExitLog> Machine 'TablesMachine(0)' exiting state 'WaitingForAnnotation'.
Start call from [ServiceMachine,1,,] to [TablesMachine,0,,]: tablesMachineAnnotation.AnnotateLastBackendCallAsync(null,IReadOnlyList{SpuriousETagChange{partitionKey=, rowKey=3, newETag=2}})
End call from [ServiceMachine,1,,] to [TablesMachine,0,,]: tablesMachineAnnotation.AnnotateLastBackendCallAsync(null,IReadOnlyList{SpuriousETagChange{partitionKey=, rowKey=3, newETag=2}}) with outcome: null
<SendLog> Machine 'TablesMachine(0)' sent event 'Migration.GenericDispatchableEvent' to 'ServiceMachine(1)'.
<EnqueueLog> Machine 'ServiceMachine(1)' enqueued event < ____Migration.GenericDispatchableEvent >.
<DequeueLog> Machine 'ServiceMachine(1)' dequeued event < ____Migration.GenericDispatchableEvent >.
<ActionLog> Machine 'ServiceMachine(1)' executed action 'DispatchPayload' in state 'MainState'.
<SendLog> Machine 'ServiceMachine(1)' sent event 'Migration.GenericDispatchableEvent' to 'ServiceMachine(1)'.
<EnqueueLog> Machine 'ServiceMachine(1)' enqueued event < ____Migration.GenericDispatchableEvent >.
<StateLog> Machine 'TablesMachine(0)' entering state 'Ready'.
<DequeueLog> Machine 'TablesMachine(0)' dequeued event < ____Migration.TablePeekEvent >.
<ActionLog> Machine 'TablesMachine(0)' executed action 'DispatchPayload' in state 'Ready'.
Start call from [ServiceMachine,0,,] to [TablesMachine,0,,]: tablesMachinePeek.GetValidStreamReadRows(1,ChainTableInterface.EmptyFilterExpression,PrimaryKey(, 4 ))
End call from [ServiceMachine,0,,] to [TablesMachine,0,,]: tablesMachinePeek.GetValidStreamReadRows(1,ChainTableInterface.EmptyFilterExpression,PrimaryKey(, 4 )) with outcome: IReadOnlyList{null}
<SendLog> Machine 'TablesMachine(0)' sent event 'Migration.GenericDispatchableEvent' to 'ServiceMachine(0)'.
<EnqueueLog> Machine 'ServiceMachine(0)' enqueued event < ____Migration.GenericDispatchableEvent >.
<DequeueLog> Machine 'MigratorMachine(0)' dequeued event < ____Migration.GenericDispatchableEvent >.
<ActionLog> Machine 'MigratorMachine(0)' executed action 'DispatchPayload' in state 'MainState'.
<SendLog> Machine 'MigratorMachine(0)' sent event 'Migration.GenericDispatchableEvent' to 'MigratorMachine(0)'.
<EnqueueLog> Machine 'MigratorMachine(0)' enqueued event < ____Migration.GenericDispatchableEvent >.
<DequeueLog> Machine 'ServiceMachine(0)' dequeued event < ____Migration.GenericDispatchableEvent >.
<ActionLog> Machine 'ServiceMachine(0)' executed action 'DispatchPayload' in state 'MainState'.
<SendLog> Machine 'ServiceMachine(0)' sent event 'Migration.GenericDispatchableEvent' to 'ServiceMachine(0)'.
<EnqueueLog> Machine 'ServiceMachine(0)' enqueued event < ____Migration.GenericDispatchableEvent >.
<DequeueLog> Machine 'MigratorMachine(0)' dequeued event < ____Migration.GenericDispatchableEvent >.
<ActionLog> Machine 'MigratorMachine(0)' executed action 'DispatchPayload' in state 'MainState'.
<SendLog> Machine 'MigratorMachine(0)' sent event 'Migration.TableCallEvent' to 'TablesMachine(0)'.
<EnqueueLog> Machine 'TablesMachine(0)' enqueued event < ____Migration.TableCallEvent >.
<DequeueLog> Machine 'ServiceMachine(1)' dequeued event < ____Migration.GenericDispatchableEvent >.
<ActionLog> Machine 'ServiceMachine(1)' executed action 'DispatchPayload' in state 'MainState'.
<SendLog> Machine 'ServiceMachine(1)' sent event 'Migration.TableCallEvent' to 'TablesMachine(0)'.
<EnqueueLog> Machine 'TablesMachine(0)' enqueued event < ____Migration.TableCallEvent >.
<DequeueLog> Machine 'TablesMachine(0)' dequeued event < ____Migration.TableCallEvent >.
<ExitLog> Machine 'TablesMachine(0)' exiting state 'Ready'.
Start call from [MigratorMachine,0,,] to [TablesMachine,0,,]: newTable.ExecuteAsync(TableOperation.Insert(ITableEntity{[PartitionKey, ],[RowKey, 1],[ETag, 2],[Timestamp, 1/1/0001 12:00:00 AM +00:00],[_mtable_deleted, False],[isHappy, False]}),null,null)
End call from [MigratorMachine,0,,] to [TablesMachine,0,,]: newTable.ExecuteAsync(TableOperation.Insert(ITableEntity{[PartitionKey, ],[RowKey, 1],[ETag, 2],[Timestamp, 1/1/0001 12:00:00 AM +00:00],[_mtable_deleted, False],[isHappy, False]}),null,null) with outcome: TableResult{HttpStatusCode=201, ETag=3, Result=ITableEntity{[PartitionKey, ],[RowKey, 1],[ETag, 3],[Timestamp, 1/1/0001 12:00:00 AM +00:00],[_mtable_deleted, False],[isHappy, False]}}
<SendLog> Machine 'TablesMachine(0)' sent event 'Migration.GenericDispatchableEvent' to 'MigratorMachine(0)'.
<EnqueueLog> Machine 'MigratorMachine(0)' enqueued event < ____Migration.GenericDispatchableEvent >.
<DequeueLog> Machine 'ServiceMachine(0)' dequeued event < ____Migration.GenericDispatchableEvent >.
<ActionLog> Machine 'ServiceMachine(0)' executed action 'DispatchPayload' in state 'MainState'.
[ServiceMachine,0,,] query stream returned row null, which is valid
[ServiceMachine,0,,] finished streaming query
<StateLog> Machine 'TablesMachine(0)' entering state 'WaitingForAnnotation'.
<DequeueLog> Machine 'MigratorMachine(0)' dequeued event < ____Migration.GenericDispatchableEvent >.
<ActionLog> Machine 'MigratorMachine(0)' executed action 'DispatchPayload' in state 'MainState'.
<SendLog> Machine 'MigratorMachine(0)' sent event 'Migration.GenericDispatchableEvent' to 'MigratorMachine(0)'.
<EnqueueLog> Machine 'MigratorMachine(0)' enqueued event < ____Migration.GenericDispatchableEvent >.
<DequeueLog> Machine 'MigratorMachine(0)' dequeued event < ____Migration.GenericDispatchableEvent >.
<ActionLog> Machine 'MigratorMachine(0)' executed action 'DispatchPayload' in state 'MainState'.
<SendLog> Machine 'MigratorMachine(0)' sent event 'Migration.TableCallAnnotationEvent' to 'TablesMachine(0)'.
<EnqueueLog> Machine 'TablesMachine(0)' enqueued event < ____Migration.TableCallAnnotationEvent >.
<DequeueLog> Machine 'TablesMachine(0)' dequeued event < ____Migration.TableCallAnnotationEvent >.
<ExitLog> Machine 'TablesMachine(0)' exiting state 'WaitingForAnnotation'.
Start call from [MigratorMachine,0,,] to [TablesMachine,0,,]: tablesMachineAnnotation.AnnotateLastBackendCallAsync(null,IReadOnlyList{SpuriousETagChange{partitionKey=, rowKey=1, newETag=3}})
End call from [MigratorMachine,0,,] to [TablesMachine,0,,]: tablesMachineAnnotation.AnnotateLastBackendCallAsync(null,IReadOnlyList{SpuriousETagChange{partitionKey=, rowKey=1, newETag=3}}) with outcome: null
<SendLog> Machine 'TablesMachine(0)' sent event 'Migration.GenericDispatchableEvent' to 'MigratorMachine(0)'.
<EnqueueLog> Machine 'MigratorMachine(0)' enqueued event < ____Migration.GenericDispatchableEvent >.
<StateLog> Machine 'TablesMachine(0)' entering state 'Ready'.
<DequeueLog> Machine 'TablesMachine(0)' dequeued event < ____Migration.TableCallEvent >.
<ExitLog> Machine 'TablesMachine(0)' exiting state 'Ready'.
Start call from [ServiceMachine,1,,] to [TablesMachine,0,,]: newTable.ExecuteQueryAtomicAsync(TableQuery<Migration.MTableEntity>{FilterString=(PartitionKey eq '') and ((RowKey eq '3') or (RowKey eq '2')), SelectColumns=, TakeCount=},null,null)
End call from [ServiceMachine,1,,] to [TablesMachine,0,,]: newTable.ExecuteQueryAtomicAsync(TableQuery<Migration.MTableEntity>{FilterString=(PartitionKey eq '') and ((RowKey eq '3') or (RowKey eq '2')), SelectColumns=, TakeCount=},null,null) with outcome: IReadOnlyList{ITableEntity{[PartitionKey, ],[RowKey, 3],[ETag, 2],[Timestamp, 1/1/0001 12:00:00 AM +00:00],[_mtable_deleted, False],[isHappy, False]}}
<SendLog> Machine 'TablesMachine(0)' sent event 'Migration.GenericDispatchableEvent' to 'ServiceMachine(1)'.
<EnqueueLog> Machine 'ServiceMachine(1)' enqueued event < ____Migration.GenericDispatchableEvent >.
<StateLog> Machine 'TablesMachine(0)' entering state 'WaitingForAnnotation'.
<DequeueLog> Machine 'ServiceMachine(1)' dequeued event < ____Migration.GenericDispatchableEvent >.
<ActionLog> Machine 'ServiceMachine(1)' executed action 'DispatchPayload' in state 'MainState'.
<SendLog> Machine 'ServiceMachine(1)' sent event 'Migration.GenericDispatchableEvent' to 'ServiceMachine(1)'.
<EnqueueLog> Machine 'ServiceMachine(1)' enqueued event < ____Migration.GenericDispatchableEvent >.
<DequeueLog> Machine 'MigratorMachine(0)' dequeued event < ____Migration.GenericDispatchableEvent >.
<ActionLog> Machine 'MigratorMachine(0)' executed action 'DispatchPayload' in state 'MainState'.
<SendLog> Machine 'MigratorMachine(0)' sent event 'Migration.GenericDispatchableEvent' to 'MigratorMachine(0)'.
<EnqueueLog> Machine 'MigratorMachine(0)' enqueued event < ____Migration.GenericDispatchableEvent >.
<DequeueLog> Machine 'MigratorMachine(0)' dequeued event < ____Migration.GenericDispatchableEvent >.
<ActionLog> Machine 'MigratorMachine(0)' executed action 'DispatchPayload' in state 'MainState'.
<SendLog> Machine 'MigratorMachine(0)' sent event 'Migration.GenericDispatchableEvent' to 'TablesMachine(0)'.
<EnqueueLog> Machine 'TablesMachine(0)' enqueued event < ____Migration.GenericDispatchableEvent >.
<DequeueLog> Machine 'TablesMachine(0)' dequeued event < ____Migration.GenericDispatchableEvent >.
<ActionLog> Machine 'TablesMachine(0)' executed action 'DispatchPayload' in state 'WaitingForAnnotation'.
Start call from [MigratorMachine,0,,] to [TablesMachine,0,,]: <oldTable QueryStream>.ReadRowAsync()
NondeterministicQueryStream: possibleRows IReadOnlyList{ITableEntity{[PartitionKey, ],[RowKey, 3],[ETag, 3],[Timestamp, 1/1/0001 12:00:00 AM +00:00],[isHappy, False]}}, choiceIndex 0
End call from [MigratorMachine,0,,] to [TablesMachine,0,,]: <oldTable QueryStream>.ReadRowAsync() with outcome: ITableEntity{[PartitionKey, ],[RowKey, 3],[ETag, 3],[Timestamp, 1/1/0001 12:00:00 AM +00:00],[_mtable_deleted, False],[isHappy, False]}
<SendLog> Machine 'TablesMachine(0)' sent event 'Migration.GenericDispatchableEvent' to 'MigratorMachine(0)'.
<EnqueueLog> Machine 'MigratorMachine(0)' enqueued event < ____Migration.GenericDispatchableEvent >.
<DequeueLog> Machine 'MigratorMachine(0)' dequeued event < ____Migration.GenericDispatchableEvent >.
<ActionLog> Machine 'MigratorMachine(0)' executed action 'DispatchPayload' in state 'MainState'.
<SendLog> Machine 'MigratorMachine(0)' sent event 'Migration.GenericDispatchableEvent' to 'MigratorMachine(0)'.
<EnqueueLog> Machine 'MigratorMachine(0)' enqueued event < ____Migration.GenericDispatchableEvent >.
<DequeueLog> Machine 'ServiceMachine(1)' dequeued event < ____Migration.GenericDispatchableEvent >.
<ActionLog> Machine 'ServiceMachine(1)' executed action 'DispatchPayload' in state 'MainState'.
<SendLog> Machine 'ServiceMachine(1)' sent event 'Migration.GenericDispatchableEvent' to 'ServiceMachine(1)'.
<EnqueueLog> Machine 'ServiceMachine(1)' enqueued event < ____Migration.GenericDispatchableEvent >.
<DequeueLog> Machine 'ServiceMachine(1)' dequeued event < ____Migration.GenericDispatchableEvent >.
<ActionLog> Machine 'ServiceMachine(1)' executed action 'DispatchPayload' in state 'MainState'.
Error: Exception 'System.ArgumentException' was thrown in machine 'ServiceMachine', 'Microsoft.WindowsAzure.Storage':
   All entities in a given batch must have the same partition key.
The stack trace is:
   at Microsoft.WindowsAzure.Storage.Table.TableBatchOperation.LockToPartitionKey(String partitionKey)
   at Microsoft.WindowsAzure.Storage.Table.TableBatchOperation.Add(TableOperation item)
   at Migration.MigratingTable.<ExecuteBatchOnNewTableAsync>d__21.MoveNext() in D:\t-mattmc\verification\Migration\MigratingTable.cs:line 483
--- End of stack trace from previous location where exception was thrown ---
   at System.Runtime.CompilerServices.TaskAwaiter.ThrowForNonSuccess(Task task)
   at System.Runtime.CompilerServices.TaskAwaiter.HandleNonSuccessAndDebuggerNotification(Task task)
   at System.Runtime.CompilerServices.TaskAwaiter`1.GetResult()
   at Migration.MigratingTable.<ExecuteBatchAsync>d__22.MoveNext() in D:\t-mattmc\verification\Migration\MigratingTable.cs:line 547
--- End of stack trace from previous location where exception was thrown ---
   at System.Runtime.CompilerServices.TaskAwaiter.ThrowForNonSuccess(Task task)
   at System.Runtime.CompilerServices.TaskAwaiter.HandleNonSuccessAndDebuggerNotification(Task task)
   at System.Runtime.CompilerServices.TaskAwaiter`1.GetResult()
   at Migration.ServiceMachineCore.<>c__DisplayClass8_1.<<DoRandomAtomicCalls>b__2>d.MoveNext() in D:\t-mattmc\verification\Migration\Verification.cs:line 372
--- End of stack trace from previous location where exception was thrown ---
   at System.Runtime.CompilerServices.TaskAwaiter.ThrowForNonSuccess(Task task)
   at System.Runtime.CompilerServices.TaskAwaiter.HandleNonSuccessAndDebuggerNotification(Task task)
   at System.Runtime.CompilerServices.TaskAwaiter`1.GetResult()
   at Migration.Catching`1.<Task>d__1`1.MoveNext() in D:\t-mattmc\verification\Migration\Utils\Outcome.cs:line 55
--- End of stack trace from previous location where exception was thrown ---
   at System.Runtime.CompilerServices.TaskAwaiter.ThrowForNonSuccess(Task task)
   at System.Runtime.CompilerServices.TaskAwaiter.HandleNonSuccessAndDebuggerNotification(Task task)
   at System.Runtime.CompilerServices.TaskAwaiter`1.GetResult()
   at Migration.ServiceMachineCore.<RunCallAsync>d__5.MoveNext() in D:\t-mattmc\verification\Migration\Verification.cs:line 247
--- End of stack trace from previous location where exception was thrown ---
   at System.Runtime.CompilerServices.TaskAwaiter.ThrowForNonSuccess(Task task)
   at System.Runtime.CompilerServices.TaskAwaiter.HandleNonSuccessAndDebuggerNotification(Task task)
   at System.Runtime.CompilerServices.TaskAwaiter.GetResult()
   at Migration.ServiceMachineCore.<DoRandomAtomicCalls>d__8.MoveNext() in D:\t-mattmc\verification\Migration\Verification.cs:line 377
--- End of stack trace from previous location where exception was thrown ---
   at System.Runtime.CompilerServices.TaskAwaiter.ThrowForNonSuccess(Task task)
   at System.Runtime.CompilerServices.TaskAwaiter.HandleNonSuccessAndDebuggerNotification(Task task)
   at System.Runtime.CompilerServices.TaskAwaiter.GetResult()
   at Migration.ServiceMachine.<Run>d__8.MoveNext() in D:\t-mattmc\verification\Migration\Verification.cs:line 475
--- End of stack trace from previous location where exception was thrown ---
   at System.Runtime.CompilerServices.AsyncMethodBuilderCore.<>c__DisplayClass2.<ThrowAsync>b__3(Object state)
   at Migration.SynchronizationContextWorkUnit.Dispatch() in D:\t-mattmc\verification\Migration\PSharpUtils\MachineSynchronizationContext.cs:line 25
   at Migration.ServiceMachine.DispatchPayload() in D:\t-mattmc\verification\Migration\Verification.cs:line 449
   at Microsoft.PSharp.Machine.Do(Action a) in D:\t-mattmc\verification\PSharp\Source\Core\Library\Machine.cs:line 810
