<CreateLog> Machine TablesMachine(0) is created.
<StateLog> Machine 'TablesMachine(0)' entering state 'Initializing'.
<CreateLog> Machine ServiceMachine(0) is created.
<StrategyLog> RandomSchedulingStrategy starting iteration with seed 1132.
<SendLog> Machine 'TablesMachine(0)' sent event 'Migration.AppMachineInitializeEvent' to 'ServiceMachine(0)'.
<EnqueueLog> Machine 'ServiceMachine(0)' enqueued event < ____Migration.AppMachineInitializeEvent >.
<StateLog> Machine 'ServiceMachine(0)' entering state 'WaitingForInitialization'.
<DequeueLog> Machine 'ServiceMachine(0)' dequeued event < ____Migration.AppMachineInitializeEvent >.
<ExitLog> Machine 'ServiceMachine(0)' exiting state 'WaitingForInitialization'.
<StateLog> Machine 'ServiceMachine(0)' entering state 'MainState'.
<SendLog> Machine 'ServiceMachine(0)' sent event 'Migration.TablePeekEvent' to 'TablesMachine(0)'.
<EnqueueLog> Machine 'TablesMachine(0)' enqueued event < ____Migration.TablePeekEvent >.
<CreateLog> Machine ServiceMachine(1) is created.
<SendLog> Machine 'TablesMachine(0)' sent event 'Migration.AppMachineInitializeEvent' to 'ServiceMachine(1)'.
<EnqueueLog> Machine 'ServiceMachine(1)' enqueued event < ____Migration.AppMachineInitializeEvent >.
<StateLog> Machine 'ServiceMachine(1)' entering state 'WaitingForInitialization'.
<DequeueLog> Machine 'ServiceMachine(1)' dequeued event < ____Migration.AppMachineInitializeEvent >.
<ExitLog> Machine 'ServiceMachine(1)' exiting state 'WaitingForInitialization'.
<StateLog> Machine 'ServiceMachine(1)' entering state 'MainState'.
<SendLog> Machine 'ServiceMachine(1)' sent event 'Migration.TablePeekEvent' to 'TablesMachine(0)'.
<EnqueueLog> Machine 'TablesMachine(0)' enqueued event < ____Migration.TablePeekEvent >.
<CreateLog> Machine MigratorMachine(0) is created.
<StateLog> Machine 'MigratorMachine(0)' entering state 'WaitingForInitialization'.
<SendLog> Machine 'TablesMachine(0)' sent event 'Migration.AppMachineInitializeEvent' to 'MigratorMachine(0)'.
<EnqueueLog> Machine 'MigratorMachine(0)' enqueued event < ____Migration.AppMachineInitializeEvent >.
<SendLog> Machine 'TablesMachine(0)' sent event 'Migration.TablesMachineInitializedEvent' to 'TablesMachine(0)'.
<EnqueueLog> Machine 'TablesMachine(0)' enqueued event < ____Migration.TablesMachineInitializedEvent >.
<DequeueLog> Machine 'MigratorMachine(0)' dequeued event < ____Migration.AppMachineInitializeEvent >.
<ExitLog> Machine 'MigratorMachine(0)' exiting state 'WaitingForInitialization'.
<StateLog> Machine 'MigratorMachine(0)' entering state 'MainState'.
<SendLog> Machine 'MigratorMachine(0)' sent event 'Migration.GenericDispatchableEvent' to 'TablesMachine(0)'.
<EnqueueLog> Machine 'TablesMachine(0)' enqueued event < ____Migration.GenericDispatchableEvent >.
<DequeueLog> Machine 'TablesMachine(0)' dequeued event < ____Migration.TablesMachineInitializedEvent >.
<ExitLog> Machine 'TablesMachine(0)' exiting state 'Initializing'.
<StateLog> Machine 'TablesMachine(0)' entering state 'Ready'.
<DequeueLog> Machine 'TablesMachine(0)' dequeued event < ____Migration.TablePeekEvent >.
<ActionLog> Machine 'TablesMachine(0)' executed action 'DispatchPayload' in state 'Ready'.
Start call from [ServiceMachine,0,,] to [TablesMachine,0,,]: tablesMachinePeek.DumpReferenceTableAsync()
End call from [ServiceMachine,0,,] to [TablesMachine,0,,]: tablesMachinePeek.DumpReferenceTableAsync() with outcome: System.Collections.Generic.SortedDictionary`2[ChainTableInterface.PrimaryKey,Microsoft.WindowsAzure.Storage.Table.DynamicTableEntity]
<SendLog> Machine 'TablesMachine(0)' sent event 'Migration.GenericDispatchableEvent' to 'ServiceMachine(0)'.
<EnqueueLog> Machine 'ServiceMachine(0)' enqueued event < ____Migration.GenericDispatchableEvent >.
<DequeueLog> Machine 'ServiceMachine(0)' dequeued event < ____Migration.GenericDispatchableEvent >.
<ActionLog> Machine 'ServiceMachine(0)' executed action 'DispatchPayload' in state 'MainState'.
<SendLog> Machine 'ServiceMachine(0)' sent event 'Migration.GenericDispatchableEvent' to 'ServiceMachine(0)'.
<EnqueueLog> Machine 'ServiceMachine(0)' enqueued event < ____Migration.GenericDispatchableEvent >.
<DequeueLog> Machine 'ServiceMachine(0)' dequeued event < ____Migration.GenericDispatchableEvent >.
<ActionLog> Machine 'ServiceMachine(0)' executed action 'DispatchPayload' in state 'MainState'.
[ServiceMachine,0,,] starting atomic query: Microsoft.WindowsAzure.Storage.Table.TableQuery`1[Microsoft.WindowsAzure.Storage.Table.DynamicTableEntity]
<SendLog> Machine 'ServiceMachine(0)' sent event 'Migration.TableCallEvent' to 'TablesMachine(0)'.
<EnqueueLog> Machine 'TablesMachine(0)' enqueued event < ____Migration.TableCallEvent >.
<DequeueLog> Machine 'TablesMachine(0)' dequeued event < ____Migration.TablePeekEvent >.
<ActionLog> Machine 'TablesMachine(0)' executed action 'DispatchPayload' in state 'Ready'.
Start call from [ServiceMachine,1,,] to [TablesMachine,0,,]: tablesMachinePeek.DumpReferenceTableAsync()
End call from [ServiceMachine,1,,] to [TablesMachine,0,,]: tablesMachinePeek.DumpReferenceTableAsync() with outcome: System.Collections.Generic.SortedDictionary`2[ChainTableInterface.PrimaryKey,Microsoft.WindowsAzure.Storage.Table.DynamicTableEntity]
<SendLog> Machine 'TablesMachine(0)' sent event 'Migration.GenericDispatchableEvent' to 'ServiceMachine(1)'.
<EnqueueLog> Machine 'ServiceMachine(1)' enqueued event < ____Migration.GenericDispatchableEvent >.
<DequeueLog> Machine 'TablesMachine(0)' dequeued event < ____Migration.GenericDispatchableEvent >.
<ActionLog> Machine 'TablesMachine(0)' executed action 'DispatchPayload' in state 'Ready'.
Start call from [MigratorMachine,0,,] to [TablesMachine,0,,]: configService.PushConfigurationAsync(Migration.MTableConfiguration)
<SendLog> Machine 'TablesMachine(0)' sent event 'Migration.GenericDispatchableEvent' to 'ServiceMachine(0)'.
<EnqueueLog> Machine 'ServiceMachine(0)' enqueued event < ____Migration.GenericDispatchableEvent >.
<DequeueLog> Machine 'ServiceMachine(1)' dequeued event < ____Migration.GenericDispatchableEvent >.
<ActionLog> Machine 'ServiceMachine(1)' executed action 'DispatchPayload' in state 'MainState'.
<SendLog> Machine 'ServiceMachine(1)' sent event 'Migration.GenericDispatchableEvent' to 'ServiceMachine(1)'.
<EnqueueLog> Machine 'ServiceMachine(1)' enqueued event < ____Migration.GenericDispatchableEvent >.
<DequeueLog> Machine 'ServiceMachine(1)' dequeued event < ____Migration.GenericDispatchableEvent >.
<ActionLog> Machine 'ServiceMachine(1)' executed action 'DispatchPayload' in state 'MainState'.
[ServiceMachine,1,,] starting batch: TableBatchOperation{TableOperation.Merge(ITableEntity{[PartitionKey, ],[RowKey, 0],[ETag, *],[Timestamp, 1/1/0001 12:00:00 AM +00:00],[[ServiceMachine,1,,]_c0_o0, True],[isHappy, True]})}
<SendLog> Machine 'ServiceMachine(1)' sent event 'Migration.TableCallEvent' to 'TablesMachine(0)'.
<EnqueueLog> Machine 'TablesMachine(0)' enqueued event < ____Migration.TableCallEvent >.
<DequeueLog> Machine 'ServiceMachine(0)' dequeued event < ____Migration.GenericDispatchableEvent >.
<ActionLog> Machine 'ServiceMachine(0)' executed action 'DispatchPayload' in state 'MainState'.
Start call from [TablesMachine,0,,] to [ServiceMachine,0,,]: <configService subscriber>.ApplyConfigurationAsync(Migration.MTableConfiguration)
<SendLog> Machine 'TablesMachine(0)' sent event 'Migration.GenericDispatchableEvent' to 'ServiceMachine(1)'.
<EnqueueLog> Machine 'ServiceMachine(1)' enqueued event < ____Migration.GenericDispatchableEvent >.
<DequeueLog> Machine 'ServiceMachine(1)' dequeued event < ____Migration.GenericDispatchableEvent >.
<ActionLog> Machine 'ServiceMachine(1)' executed action 'DispatchPayload' in state 'MainState'.
Start call from [TablesMachine,0,,] to [ServiceMachine,1,,]: <configService subscriber>.ApplyConfigurationAsync(Migration.MTableConfiguration)
<SendLog> Machine 'TablesMachine(0)' sent event 'Migration.GenericDispatchableEvent' to 'MigratorMachine(0)'.
<EnqueueLog> Machine 'MigratorMachine(0)' enqueued event < ____Migration.GenericDispatchableEvent >.
<DequeueLog> Machine 'TablesMachine(0)' dequeued event < ____Migration.TableCallEvent >.
<ExitLog> Machine 'TablesMachine(0)' exiting state 'Ready'.
Start call from [ServiceMachine,0,,] to [TablesMachine,0,,]: oldTable.ExecuteQueryAtomicAsync(TableQuery<Migration.MTableEntity>{FilterString=(PartitionKey eq '') and (isHappy eq false), SelectColumns=, TakeCount=},null,null)
End call from [ServiceMachine,0,,] to [TablesMachine,0,,]: oldTable.ExecuteQueryAtomicAsync(TableQuery<Migration.MTableEntity>{FilterString=(PartitionKey eq '') and (isHappy eq false), SelectColumns=, TakeCount=},null,null) with outcome: IReadOnlyList{ITableEntity{[PartitionKey, ],[RowKey, 1],[ETag, 2],[Timestamp, 1/1/0001 12:00:00 AM +00:00],[_mtable_deleted, False],[isHappy, False]},ITableEntity{[PartitionKey, ],[RowKey, 3],[ETag, 3],[Timestamp, 1/1/0001 12:00:00 AM +00:00],[_mtable_deleted, False],[isHappy, False]}}
<SendLog> Machine 'TablesMachine(0)' sent event 'Migration.GenericDispatchableEvent' to 'ServiceMachine(0)'.
<EnqueueLog> Machine 'ServiceMachine(0)' enqueued event < ____Migration.GenericDispatchableEvent >.
<DequeueLog> Machine 'ServiceMachine(0)' dequeued event < ____Migration.GenericDispatchableEvent >.
<ActionLog> Machine 'ServiceMachine(0)' executed action 'DispatchPayload' in state 'MainState'.
<SendLog> Machine 'ServiceMachine(0)' sent event 'Migration.GenericDispatchableEvent' to 'ServiceMachine(0)'.
<EnqueueLog> Machine 'ServiceMachine(0)' enqueued event < ____Migration.GenericDispatchableEvent >.
<DequeueLog> Machine 'MigratorMachine(0)' dequeued event < ____Migration.GenericDispatchableEvent >.
<ActionLog> Machine 'MigratorMachine(0)' executed action 'DispatchPayload' in state 'MainState'.
Start call from [TablesMachine,0,,] to [MigratorMachine,0,,]: <configService subscriber>.ApplyConfigurationAsync(Migration.MTableConfiguration)
End call from [TablesMachine,0,,] to [MigratorMachine,0,,]: <configService subscriber>.ApplyConfigurationAsync(Migration.MTableConfiguration) with outcome: null
<SendLog> Machine 'MigratorMachine(0)' sent event 'Migration.GenericDispatchableEvent' to 'TablesMachine(0)'.
<EnqueueLog> Machine 'TablesMachine(0)' enqueued event < ____Migration.GenericDispatchableEvent >.
<DequeueLog> Machine 'ServiceMachine(0)' dequeued event < ____Migration.GenericDispatchableEvent >.
<ActionLog> Machine 'ServiceMachine(0)' executed action 'DispatchPayload' in state 'MainState'.
<SendLog> Machine 'ServiceMachine(0)' sent event 'Migration.TableCallAnnotationEvent' to 'TablesMachine(0)'.
<EnqueueLog> Machine 'TablesMachine(0)' enqueued event < ____Migration.TableCallAnnotationEvent >.
<StateLog> Machine 'TablesMachine(0)' entering state 'WaitingForAnnotation'.
<DequeueLog> Machine 'TablesMachine(0)' dequeued event < ____Migration.GenericDispatchableEvent >.
<ActionLog> Machine 'TablesMachine(0)' executed action 'DispatchPayload' in state 'WaitingForAnnotation'.
<DequeueLog> Machine 'TablesMachine(0)' dequeued event < ____Migration.TableCallAnnotationEvent >.
<ExitLog> Machine 'TablesMachine(0)' exiting state 'WaitingForAnnotation'.
Start call from [ServiceMachine,0,,] to [TablesMachine,0,,]: tablesMachineAnnotation.AnnotateLastBackendCallAsync(Migration.MirrorTableCall,null)
End call from [ServiceMachine,0,,] to [TablesMachine,0,,]: tablesMachineAnnotation.AnnotateLastBackendCallAsync(Migration.MirrorTableCall,null) with outcome: IReadOnlyList{ITableEntity{[PartitionKey, ],[RowKey, 1],[ETag, 2],[Timestamp, 1/1/0001 12:00:00 AM +00:00],[isHappy, False]},ITableEntity{[PartitionKey, ],[RowKey, 3],[ETag, 3],[Timestamp, 1/1/0001 12:00:00 AM +00:00],[isHappy, False]}}
<SendLog> Machine 'TablesMachine(0)' sent event 'Migration.GenericDispatchableEvent' to 'ServiceMachine(0)'.
<EnqueueLog> Machine 'ServiceMachine(0)' enqueued event < ____Migration.GenericDispatchableEvent >.
<StateLog> Machine 'TablesMachine(0)' entering state 'Ready'.
<DequeueLog> Machine 'TablesMachine(0)' dequeued event < ____Migration.TableCallEvent >.
<ExitLog> Machine 'TablesMachine(0)' exiting state 'Ready'.
Start call from [ServiceMachine,1,,] to [TablesMachine,0,,]: oldTable.ExecuteBatchAsync(TableBatchOperation{TableOperation.Merge(ITableEntity{[PartitionKey, ],[RowKey, 0],[ETag, *],[Timestamp, 1/1/0001 12:00:00 AM +00:00],[[ServiceMachine,1,,]_c0_o0, True],[isHappy, True]})},null,null)
End call from [ServiceMachine,1,,] to [TablesMachine,0,,]: oldTable.ExecuteBatchAsync(TableBatchOperation{TableOperation.Merge(ITableEntity{[PartitionKey, ],[RowKey, 0],[ETag, *],[Timestamp, 1/1/0001 12:00:00 AM +00:00],[[ServiceMachine,1,,]_c0_o0, True],[isHappy, True]})},null,null) with outcome: IReadOnlyList{TableResult{HttpStatusCode=204, ETag=5, Result=ITableEntity{[PartitionKey, ],[RowKey, 0],[ETag, 5],[Timestamp, 1/1/0001 12:00:00 AM +00:00],[[ServiceMachine,1,,]_c0_o0, True],[isHappy, True]}}}
<SendLog> Machine 'TablesMachine(0)' sent event 'Migration.GenericDispatchableEvent' to 'ServiceMachine(1)'.
<EnqueueLog> Machine 'ServiceMachine(1)' enqueued event < ____Migration.GenericDispatchableEvent >.
<DequeueLog> Machine 'ServiceMachine(0)' dequeued event < ____Migration.GenericDispatchableEvent >.
<ActionLog> Machine 'ServiceMachine(0)' executed action 'DispatchPayload' in state 'MainState'.
<SendLog> Machine 'ServiceMachine(0)' sent event 'Migration.GenericDispatchableEvent' to 'ServiceMachine(0)'.
<EnqueueLog> Machine 'ServiceMachine(0)' enqueued event < ____Migration.GenericDispatchableEvent >.
<DequeueLog> Machine 'ServiceMachine(1)' dequeued event < ____Migration.GenericDispatchableEvent >.
<ActionLog> Machine 'ServiceMachine(1)' executed action 'DispatchPayload' in state 'MainState'.
<SendLog> Machine 'ServiceMachine(1)' sent event 'Migration.GenericDispatchableEvent' to 'ServiceMachine(1)'.
<EnqueueLog> Machine 'ServiceMachine(1)' enqueued event < ____Migration.GenericDispatchableEvent >.
<DequeueLog> Machine 'ServiceMachine(1)' dequeued event < ____Migration.GenericDispatchableEvent >.
<ActionLog> Machine 'ServiceMachine(1)' executed action 'DispatchPayload' in state 'MainState'.
<SendLog> Machine 'ServiceMachine(1)' sent event 'Migration.TableCallAnnotationEvent' to 'TablesMachine(0)'.
<EnqueueLog> Machine 'TablesMachine(0)' enqueued event < ____Migration.TableCallAnnotationEvent >.
<StateLog> Machine 'TablesMachine(0)' entering state 'WaitingForAnnotation'.
<DequeueLog> Machine 'TablesMachine(0)' dequeued event < ____Migration.TableCallAnnotationEvent >.
<ExitLog> Machine 'TablesMachine(0)' exiting state 'WaitingForAnnotation'.
Start call from [ServiceMachine,1,,] to [TablesMachine,0,,]: tablesMachineAnnotation.AnnotateLastBackendCallAsync(Migration.MirrorTableCall,null)
End call from [ServiceMachine,1,,] to [TablesMachine,0,,]: tablesMachineAnnotation.AnnotateLastBackendCallAsync(Migration.MirrorTableCall,null) with outcome: IReadOnlyList{TableResult{HttpStatusCode=204, ETag=5, Result=ITableEntity{[PartitionKey, ],[RowKey, 0],[ETag, 5],[Timestamp, 1/1/0001 12:00:00 AM +00:00],[[ServiceMachine,1,,]_c0_o0, True],[isHappy, True]}}}
<SendLog> Machine 'TablesMachine(0)' sent event 'Migration.GenericDispatchableEvent' to 'ServiceMachine(1)'.
<EnqueueLog> Machine 'ServiceMachine(1)' enqueued event < ____Migration.GenericDispatchableEvent >.
<StateLog> Machine 'TablesMachine(0)' entering state 'Ready'.
<DequeueLog> Machine 'ServiceMachine(1)' dequeued event < ____Migration.GenericDispatchableEvent >.
<ActionLog> Machine 'ServiceMachine(1)' executed action 'DispatchPayload' in state 'MainState'.
<SendLog> Machine 'ServiceMachine(1)' sent event 'Migration.GenericDispatchableEvent' to 'ServiceMachine(1)'.
<EnqueueLog> Machine 'ServiceMachine(1)' enqueued event < ____Migration.GenericDispatchableEvent >.
<DequeueLog> Machine 'ServiceMachine(0)' dequeued event < ____Migration.GenericDispatchableEvent >.
<ActionLog> Machine 'ServiceMachine(0)' executed action 'DispatchPayload' in state 'MainState'.
End call from [TablesMachine,0,,] to [ServiceMachine,0,,]: <configService subscriber>.ApplyConfigurationAsync(Migration.MTableConfiguration) with outcome: null
<SendLog> Machine 'ServiceMachine(0)' sent event 'Migration.GenericDispatchableEvent' to 'TablesMachine(0)'.
<EnqueueLog> Machine 'TablesMachine(0)' enqueued event < ____Migration.GenericDispatchableEvent >.
<DequeueLog> Machine 'ServiceMachine(1)' dequeued event < ____Migration.GenericDispatchableEvent >.
<ActionLog> Machine 'ServiceMachine(1)' executed action 'DispatchPayload' in state 'MainState'.
End call from [TablesMachine,0,,] to [ServiceMachine,1,,]: <configService subscriber>.ApplyConfigurationAsync(Migration.MTableConfiguration) with outcome: null
<SendLog> Machine 'ServiceMachine(1)' sent event 'Migration.GenericDispatchableEvent' to 'TablesMachine(0)'.
<EnqueueLog> Machine 'TablesMachine(0)' enqueued event < ____Migration.GenericDispatchableEvent >.
[ServiceMachine,1,,] table call outcome is correct:
IReadOnlyList{TableResult{HttpStatusCode=204, ETag=5, Result=ITableEntity{[PartitionKey, ],[RowKey, 0],[ETag, 5],[Timestamp, 1/1/0001 12:00:00 AM +00:00],[[ServiceMachine,1,,]_c0_o0, True],[isHappy, True]}}}
<SendLog> Machine 'ServiceMachine(1)' sent event 'Migration.TablePeekEvent' to 'TablesMachine(0)'.
<EnqueueLog> Machine 'TablesMachine(0)' enqueued event < ____Migration.TablePeekEvent >.
<DequeueLog> Machine 'TablesMachine(0)' dequeued event < ____Migration.GenericDispatchableEvent >.
<ActionLog> Machine 'TablesMachine(0)' executed action 'DispatchPayload' in state 'Ready'.
<DequeueLog> Machine 'TablesMachine(0)' dequeued event < ____Migration.GenericDispatchableEvent >.
<ActionLog> Machine 'TablesMachine(0)' executed action 'DispatchPayload' in state 'Ready'.
End call from [MigratorMachine,0,,] to [TablesMachine,0,,]: configService.PushConfigurationAsync(Migration.MTableConfiguration) with outcome: null
<SendLog> Machine 'TablesMachine(0)' sent event 'Migration.GenericDispatchableEvent' to 'MigratorMachine(0)'.
<EnqueueLog> Machine 'MigratorMachine(0)' enqueued event < ____Migration.GenericDispatchableEvent >.
[ServiceMachine,0,,] table call outcome is correct:
IReadOnlyList{ITableEntity{[PartitionKey, ],[RowKey, 1],[ETag, 2],[Timestamp, 1/1/0001 12:00:00 AM +00:00],[isHappy, False]},ITableEntity{[PartitionKey, ],[RowKey, 3],[ETag, 3],[Timestamp, 1/1/0001 12:00:00 AM +00:00],[isHappy, False]}}
<SendLog> Machine 'ServiceMachine(0)' sent event 'Migration.TablePeekEvent' to 'TablesMachine(0)'.
<EnqueueLog> Machine 'TablesMachine(0)' enqueued event < ____Migration.TablePeekEvent >.
<DequeueLog> Machine 'MigratorMachine(0)' dequeued event < ____Migration.GenericDispatchableEvent >.
<ActionLog> Machine 'MigratorMachine(0)' executed action 'DispatchPayload' in state 'MainState'.
<SendLog> Machine 'MigratorMachine(0)' sent event 'Migration.GenericDispatchableEvent' to 'MigratorMachine(0)'.
<EnqueueLog> Machine 'MigratorMachine(0)' enqueued event < ____Migration.GenericDispatchableEvent >.
<DequeueLog> Machine 'MigratorMachine(0)' dequeued event < ____Migration.GenericDispatchableEvent >.
<ActionLog> Machine 'MigratorMachine(0)' executed action 'DispatchPayload' in state 'MainState'.
<SendLog> Machine 'MigratorMachine(0)' sent event 'Migration.GenericDispatchableEvent' to 'TablesMachine(0)'.
<EnqueueLog> Machine 'TablesMachine(0)' enqueued event < ____Migration.GenericDispatchableEvent >.
<DequeueLog> Machine 'TablesMachine(0)' dequeued event < ____Migration.TablePeekEvent >.
<ActionLog> Machine 'TablesMachine(0)' executed action 'DispatchPayload' in state 'Ready'.
Start call from [ServiceMachine,1,,] to [TablesMachine,0,,]: tablesMachinePeek.DumpReferenceTableAsync()
End call from [ServiceMachine,1,,] to [TablesMachine,0,,]: tablesMachinePeek.DumpReferenceTableAsync() with outcome: System.Collections.Generic.SortedDictionary`2[ChainTableInterface.PrimaryKey,Microsoft.WindowsAzure.Storage.Table.DynamicTableEntity]
<SendLog> Machine 'TablesMachine(0)' sent event 'Migration.GenericDispatchableEvent' to 'ServiceMachine(1)'.
<EnqueueLog> Machine 'ServiceMachine(1)' enqueued event < ____Migration.GenericDispatchableEvent >.
<DequeueLog> Machine 'TablesMachine(0)' dequeued event < ____Migration.TablePeekEvent >.
<ActionLog> Machine 'TablesMachine(0)' executed action 'DispatchPayload' in state 'Ready'.
Start call from [ServiceMachine,0,,] to [TablesMachine,0,,]: tablesMachinePeek.DumpReferenceTableAsync()
End call from [ServiceMachine,0,,] to [TablesMachine,0,,]: tablesMachinePeek.DumpReferenceTableAsync() with outcome: System.Collections.Generic.SortedDictionary`2[ChainTableInterface.PrimaryKey,Microsoft.WindowsAzure.Storage.Table.DynamicTableEntity]
<SendLog> Machine 'TablesMachine(0)' sent event 'Migration.GenericDispatchableEvent' to 'ServiceMachine(0)'.
<EnqueueLog> Machine 'ServiceMachine(0)' enqueued event < ____Migration.GenericDispatchableEvent >.
<DequeueLog> Machine 'ServiceMachine(1)' dequeued event < ____Migration.GenericDispatchableEvent >.
<ActionLog> Machine 'ServiceMachine(1)' executed action 'DispatchPayload' in state 'MainState'.
<SendLog> Machine 'ServiceMachine(1)' sent event 'Migration.GenericDispatchableEvent' to 'ServiceMachine(1)'.
<EnqueueLog> Machine 'ServiceMachine(1)' enqueued event < ____Migration.GenericDispatchableEvent >.
<DequeueLog> Machine 'TablesMachine(0)' dequeued event < ____Migration.GenericDispatchableEvent >.
<ActionLog> Machine 'TablesMachine(0)' executed action 'DispatchPayload' in state 'Ready'.
Start call from [MigratorMachine,0,,] to [TablesMachine,0,,]: configService.PushConfigurationAsync(Migration.MTableConfiguration)
<SendLog> Machine 'TablesMachine(0)' sent event 'Migration.GenericDispatchableEvent' to 'ServiceMachine(0)'.
<EnqueueLog> Machine 'ServiceMachine(0)' enqueued event < ____Migration.GenericDispatchableEvent >.
<SendLog> Machine 'TablesMachine(0)' sent event 'Migration.GenericDispatchableEvent' to 'ServiceMachine(1)'.
<EnqueueLog> Machine 'ServiceMachine(1)' enqueued event < ____Migration.GenericDispatchableEvent >.
<SendLog> Machine 'TablesMachine(0)' sent event 'Migration.GenericDispatchableEvent' to 'MigratorMachine(0)'.
<EnqueueLog> Machine 'MigratorMachine(0)' enqueued event < ____Migration.GenericDispatchableEvent >.
<DequeueLog> Machine 'MigratorMachine(0)' dequeued event < ____Migration.GenericDispatchableEvent >.
<ActionLog> Machine 'MigratorMachine(0)' executed action 'DispatchPayload' in state 'MainState'.
Start call from [TablesMachine,0,,] to [MigratorMachine,0,,]: <configService subscriber>.ApplyConfigurationAsync(Migration.MTableConfiguration)
End call from [TablesMachine,0,,] to [MigratorMachine,0,,]: <configService subscriber>.ApplyConfigurationAsync(Migration.MTableConfiguration) with outcome: null
<SendLog> Machine 'MigratorMachine(0)' sent event 'Migration.GenericDispatchableEvent' to 'TablesMachine(0)'.
<EnqueueLog> Machine 'TablesMachine(0)' enqueued event < ____Migration.GenericDispatchableEvent >.
<DequeueLog> Machine 'ServiceMachine(1)' dequeued event < ____Migration.GenericDispatchableEvent >.
<ActionLog> Machine 'ServiceMachine(1)' executed action 'DispatchPayload' in state 'MainState'.
[ServiceMachine,1,,] starting batch: TableBatchOperation{TableOperation.Insert(ITableEntity{[PartitionKey, ],[RowKey, 5],[ETag, ],[Timestamp, 1/1/0001 12:00:00 AM +00:00],[[ServiceMachine,1,,]_c1_o0, True],[isHappy, False]})}
<SendLog> Machine 'ServiceMachine(1)' sent event 'Migration.TableCallEvent' to 'TablesMachine(0)'.
<EnqueueLog> Machine 'TablesMachine(0)' enqueued event < ____Migration.TableCallEvent >.
<DequeueLog> Machine 'ServiceMachine(1)' dequeued event < ____Migration.GenericDispatchableEvent >.
<ActionLog> Machine 'ServiceMachine(1)' executed action 'DispatchPayload' in state 'MainState'.
Start call from [TablesMachine,0,,] to [ServiceMachine,1,,]: <configService subscriber>.ApplyConfigurationAsync(Migration.MTableConfiguration)
<DequeueLog> Machine 'TablesMachine(0)' dequeued event < ____Migration.GenericDispatchableEvent >.
<ActionLog> Machine 'TablesMachine(0)' executed action 'DispatchPayload' in state 'Ready'.
<DequeueLog> Machine 'TablesMachine(0)' dequeued event < ____Migration.TableCallEvent >.
<ExitLog> Machine 'TablesMachine(0)' exiting state 'Ready'.
Start call from [ServiceMachine,1,,] to [TablesMachine,0,,]: oldTable.ExecuteBatchAsync(TableBatchOperation{TableOperation.Insert(ITableEntity{[PartitionKey, ],[RowKey, _mtable_partition_meta],[ETag, ],[Timestamp, 1/1/0001 12:00:00 AM +00:00],[_mtable_deleted, False],[_mtable_partition_state, 0]}),TableOperation.Insert(ITableEntity{[PartitionKey, ],[RowKey, _mtable_partition_populated_assertion],[ETag, ],[Timestamp, 1/1/0001 12:00:00 AM +00:00]})},null,null)
End call from [ServiceMachine,1,,] to [TablesMachine,0,,]: oldTable.ExecuteBatchAsync(TableBatchOperation{TableOperation.Insert(ITableEntity{[PartitionKey, ],[RowKey, _mtable_partition_meta],[ETag, ],[Timestamp, 1/1/0001 12:00:00 AM +00:00],[_mtable_deleted, False],[_mtable_partition_state, 0]}),TableOperation.Insert(ITableEntity{[PartitionKey, ],[RowKey, _mtable_partition_populated_assertion],[ETag, ],[Timestamp, 1/1/0001 12:00:00 AM +00:00]})},null,null) with outcome: IReadOnlyList{TableResult{HttpStatusCode=201, ETag=6, Result=ITableEntity{[PartitionKey, ],[RowKey, _mtable_partition_meta],[ETag, 6],[Timestamp, 1/1/0001 12:00:00 AM +00:00],[_mtable_deleted, False],[_mtable_partition_state, 0]}},TableResult{HttpStatusCode=201, ETag=7, Result=ITableEntity{[PartitionKey, ],[RowKey, _mtable_partition_populated_assertion],[ETag, 7],[Timestamp, 1/1/0001 12:00:00 AM +00:00]}}}
<SendLog> Machine 'TablesMachine(0)' sent event 'Migration.GenericDispatchableEvent' to 'ServiceMachine(1)'.
<EnqueueLog> Machine 'ServiceMachine(1)' enqueued event < ____Migration.GenericDispatchableEvent >.
<DequeueLog> Machine 'ServiceMachine(0)' dequeued event < ____Migration.GenericDispatchableEvent >.
<ActionLog> Machine 'ServiceMachine(0)' executed action 'DispatchPayload' in state 'MainState'.
<SendLog> Machine 'ServiceMachine(0)' sent event 'Migration.GenericDispatchableEvent' to 'ServiceMachine(0)'.
<EnqueueLog> Machine 'ServiceMachine(0)' enqueued event < ____Migration.GenericDispatchableEvent >.
<DequeueLog> Machine 'ServiceMachine(0)' dequeued event < ____Migration.GenericDispatchableEvent >.
<ActionLog> Machine 'ServiceMachine(0)' executed action 'DispatchPayload' in state 'MainState'.
Start call from [TablesMachine,0,,] to [ServiceMachine,0,,]: <configService subscriber>.ApplyConfigurationAsync(Migration.MTableConfiguration)
End call from [TablesMachine,0,,] to [ServiceMachine,0,,]: <configService subscriber>.ApplyConfigurationAsync(Migration.MTableConfiguration) with outcome: null
<SendLog> Machine 'ServiceMachine(0)' sent event 'Migration.GenericDispatchableEvent' to 'TablesMachine(0)'.
<EnqueueLog> Machine 'TablesMachine(0)' enqueued event < ____Migration.GenericDispatchableEvent >.
<StateLog> Machine 'TablesMachine(0)' entering state 'WaitingForAnnotation'.
<DequeueLog> Machine 'TablesMachine(0)' dequeued event < ____Migration.GenericDispatchableEvent >.
<ActionLog> Machine 'TablesMachine(0)' executed action 'DispatchPayload' in state 'WaitingForAnnotation'.
<DequeueLog> Machine 'ServiceMachine(1)' dequeued event < ____Migration.GenericDispatchableEvent >.
<ActionLog> Machine 'ServiceMachine(1)' executed action 'DispatchPayload' in state 'MainState'.
<SendLog> Machine 'ServiceMachine(1)' sent event 'Migration.GenericDispatchableEvent' to 'ServiceMachine(1)'.
<EnqueueLog> Machine 'ServiceMachine(1)' enqueued event < ____Migration.GenericDispatchableEvent >.
<DequeueLog> Machine 'ServiceMachine(0)' dequeued event < ____Migration.GenericDispatchableEvent >.
<ActionLog> Machine 'ServiceMachine(0)' executed action 'DispatchPayload' in state 'MainState'.
[ServiceMachine,0,,] starting batch: TableBatchOperation{TableOperation.Merge(ITableEntity{[PartitionKey, ],[RowKey, 5],[ETag, wrong],[Timestamp, 1/1/0001 12:00:00 AM +00:00],[[ServiceMachine,0,,]_c1_o0, True],[isHappy, False]})}
<SendLog> Machine 'ServiceMachine(0)' sent event 'Migration.TableCallEvent' to 'TablesMachine(0)'.
<EnqueueLog> Machine 'TablesMachine(0)' enqueued event < ____Migration.TableCallEvent >.
<DequeueLog> Machine 'ServiceMachine(1)' dequeued event < ____Migration.GenericDispatchableEvent >.
<ActionLog> Machine 'ServiceMachine(1)' executed action 'DispatchPayload' in state 'MainState'.
<SendLog> Machine 'ServiceMachine(1)' sent event 'Migration.TableCallAnnotationEvent' to 'TablesMachine(0)'.
<EnqueueLog> Machine 'TablesMachine(0)' enqueued event < ____Migration.TableCallAnnotationEvent >.
<DequeueLog> Machine 'TablesMachine(0)' dequeued event < ____Migration.TableCallAnnotationEvent >.
<ExitLog> Machine 'TablesMachine(0)' exiting state 'WaitingForAnnotation'.
Start call from [ServiceMachine,1,,] to [TablesMachine,0,,]: tablesMachineAnnotation.AnnotateLastBackendCallAsync(null,null)
End call from [ServiceMachine,1,,] to [TablesMachine,0,,]: tablesMachineAnnotation.AnnotateLastBackendCallAsync(null,null) with outcome: null
<SendLog> Machine 'TablesMachine(0)' sent event 'Migration.GenericDispatchableEvent' to 'ServiceMachine(1)'.
<EnqueueLog> Machine 'ServiceMachine(1)' enqueued event < ____Migration.GenericDispatchableEvent >.
<StateLog> Machine 'TablesMachine(0)' entering state 'Ready'.
<DequeueLog> Machine 'TablesMachine(0)' dequeued event < ____Migration.TableCallEvent >.
<ExitLog> Machine 'TablesMachine(0)' exiting state 'Ready'.
Start call from [ServiceMachine,0,,] to [TablesMachine,0,,]: oldTable.ExecuteAsync(TableOperation.Insert(ITableEntity{[PartitionKey, ],[RowKey, _mtable_partition_meta],[ETag, ],[Timestamp, 1/1/0001 12:00:00 AM +00:00],[_mtable_deleted, False],[_mtable_partition_state, 1]}),null,null)
End call from [ServiceMachine,0,,] to [TablesMachine,0,,]: oldTable.ExecuteAsync(TableOperation.Insert(ITableEntity{[PartitionKey, ],[RowKey, _mtable_partition_meta],[ETag, ],[Timestamp, 1/1/0001 12:00:00 AM +00:00],[_mtable_deleted, False],[_mtable_partition_state, 1]}),null,null) with outcome: Microsoft.WindowsAzure.Storage.StorageException: ChainTable status code 409 at operation 0
   at ChainTableInterface.AbstractChainTable2.<ExecuteAsync>d__3.MoveNext() in D:\t-mattmc\verification\ChainTableInterface\ChainTableUtils.cs:line 307
--- End of stack trace from previous location where exception was thrown ---
   at System.Runtime.CompilerServices.TaskAwaiter.ThrowForNonSuccess(Task task)
   at System.Runtime.CompilerServices.TaskAwaiter.HandleNonSuccessAndDebuggerNotification(Task task)
   at System.Runtime.CompilerServices.TaskAwaiter`1.GetResult()
   at Migration.Catching`1.<Task>d__1`1.MoveNext() in D:\t-mattmc\verification\Migration\Utils\Outcome.cs:line 55
Request Information
RequestID:
RequestDate:
StatusMessage:

<SendLog> Machine 'TablesMachine(0)' sent event 'Migration.GenericDispatchableEvent' to 'ServiceMachine(0)'.
<EnqueueLog> Machine 'ServiceMachine(0)' enqueued event < ____Migration.GenericDispatchableEvent >.
<StateLog> Machine 'TablesMachine(0)' entering state 'WaitingForAnnotation'.
<DequeueLog> Machine 'ServiceMachine(0)' dequeued event < ____Migration.GenericDispatchableEvent >.
<ActionLog> Machine 'ServiceMachine(0)' executed action 'DispatchPayload' in state 'MainState'.
<SendLog> Machine 'ServiceMachine(0)' sent event 'Migration.GenericDispatchableEvent' to 'ServiceMachine(0)'.
<EnqueueLog> Machine 'ServiceMachine(0)' enqueued event < ____Migration.GenericDispatchableEvent >.
<DequeueLog> Machine 'ServiceMachine(1)' dequeued event < ____Migration.GenericDispatchableEvent >.
<ActionLog> Machine 'ServiceMachine(1)' executed action 'DispatchPayload' in state 'MainState'.
<SendLog> Machine 'ServiceMachine(1)' sent event 'Migration.GenericDispatchableEvent' to 'ServiceMachine(1)'.
<EnqueueLog> Machine 'ServiceMachine(1)' enqueued event < ____Migration.GenericDispatchableEvent >.
<DequeueLog> Machine 'ServiceMachine(0)' dequeued event < ____Migration.GenericDispatchableEvent >.
<ActionLog> Machine 'ServiceMachine(0)' executed action 'DispatchPayload' in state 'MainState'.
<SendLog> Machine 'ServiceMachine(0)' sent event 'Migration.TableCallAnnotationEvent' to 'TablesMachine(0)'.
<EnqueueLog> Machine 'TablesMachine(0)' enqueued event < ____Migration.TableCallAnnotationEvent >.
<DequeueLog> Machine 'TablesMachine(0)' dequeued event < ____Migration.TableCallAnnotationEvent >.
<ExitLog> Machine 'TablesMachine(0)' exiting state 'WaitingForAnnotation'.
Start call from [ServiceMachine,0,,] to [TablesMachine,0,,]: tablesMachineAnnotation.AnnotateLastBackendCallAsync(null,null)
End call from [ServiceMachine,0,,] to [TablesMachine,0,,]: tablesMachineAnnotation.AnnotateLastBackendCallAsync(null,null) with outcome: null
<SendLog> Machine 'TablesMachine(0)' sent event 'Migration.GenericDispatchableEvent' to 'ServiceMachine(0)'.
<EnqueueLog> Machine 'ServiceMachine(0)' enqueued event < ____Migration.GenericDispatchableEvent >.
<StateLog> Machine 'TablesMachine(0)' entering state 'Ready'.
<DequeueLog> Machine 'ServiceMachine(0)' dequeued event < ____Migration.GenericDispatchableEvent >.
<ActionLog> Machine 'ServiceMachine(0)' executed action 'DispatchPayload' in state 'MainState'.
<SendLog> Machine 'ServiceMachine(0)' sent event 'Migration.GenericDispatchableEvent' to 'ServiceMachine(0)'.
<EnqueueLog> Machine 'ServiceMachine(0)' enqueued event < ____Migration.GenericDispatchableEvent >.
<DequeueLog> Machine 'ServiceMachine(0)' dequeued event < ____Migration.GenericDispatchableEvent >.
<ActionLog> Machine 'ServiceMachine(0)' executed action 'DispatchPayload' in state 'MainState'.
<SendLog> Machine 'ServiceMachine(0)' sent event 'Migration.TableCallEvent' to 'TablesMachine(0)'.
<EnqueueLog> Machine 'TablesMachine(0)' enqueued event < ____Migration.TableCallEvent >.
<DequeueLog> Machine 'TablesMachine(0)' dequeued event < ____Migration.TableCallEvent >.
<ExitLog> Machine 'TablesMachine(0)' exiting state 'Ready'.
Start call from [ServiceMachine,0,,] to [TablesMachine,0,,]: oldTable.ExecuteQueryAtomicAsync(TableQuery<Migration.MTableEntity>{FilterString=(PartitionKey eq '') and (RowKey eq '5'), SelectColumns=, TakeCount=},null,null)
End call from [ServiceMachine,0,,] to [TablesMachine,0,,]: oldTable.ExecuteQueryAtomicAsync(TableQuery<Migration.MTableEntity>{FilterString=(PartitionKey eq '') and (RowKey eq '5'), SelectColumns=, TakeCount=},null,null) with outcome: IReadOnlyList{}
<SendLog> Machine 'TablesMachine(0)' sent event 'Migration.GenericDispatchableEvent' to 'ServiceMachine(0)'.
<EnqueueLog> Machine 'ServiceMachine(0)' enqueued event < ____Migration.GenericDispatchableEvent >.
<DequeueLog> Machine 'ServiceMachine(0)' dequeued event < ____Migration.GenericDispatchableEvent >.
<ActionLog> Machine 'ServiceMachine(0)' executed action 'DispatchPayload' in state 'MainState'.
<SendLog> Machine 'ServiceMachine(0)' sent event 'Migration.GenericDispatchableEvent' to 'ServiceMachine(0)'.
<EnqueueLog> Machine 'ServiceMachine(0)' enqueued event < ____Migration.GenericDispatchableEvent >.
<DequeueLog> Machine 'ServiceMachine(0)' dequeued event < ____Migration.GenericDispatchableEvent >.
<ActionLog> Machine 'ServiceMachine(0)' executed action 'DispatchPayload' in state 'MainState'.
<SendLog> Machine 'ServiceMachine(0)' sent event 'Migration.TableCallAnnotationEvent' to 'TablesMachine(0)'.
<EnqueueLog> Machine 'TablesMachine(0)' enqueued event < ____Migration.TableCallAnnotationEvent >.
<StateLog> Machine 'TablesMachine(0)' entering state 'WaitingForAnnotation'.
<DequeueLog> Machine 'TablesMachine(0)' dequeued event < ____Migration.TableCallAnnotationEvent >.
<ExitLog> Machine 'TablesMachine(0)' exiting state 'WaitingForAnnotation'.
Start call from [ServiceMachine,0,,] to [TablesMachine,0,,]: tablesMachineAnnotation.AnnotateLastBackendCallAsync(null,null)
End call from [ServiceMachine,0,,] to [TablesMachine,0,,]: tablesMachineAnnotation.AnnotateLastBackendCallAsync(null,null) with outcome: null
<SendLog> Machine 'TablesMachine(0)' sent event 'Migration.GenericDispatchableEvent' to 'ServiceMachine(0)'.
<EnqueueLog> Machine 'ServiceMachine(0)' enqueued event < ____Migration.GenericDispatchableEvent >.
<StateLog> Machine 'TablesMachine(0)' entering state 'Ready'.
<DequeueLog> Machine 'ServiceMachine(1)' dequeued event < ____Migration.GenericDispatchableEvent >.
<ActionLog> Machine 'ServiceMachine(1)' executed action 'DispatchPayload' in state 'MainState'.
<SendLog> Machine 'ServiceMachine(1)' sent event 'Migration.TableCallEvent' to 'TablesMachine(0)'.
<EnqueueLog> Machine 'TablesMachine(0)' enqueued event < ____Migration.TableCallEvent >.
<DequeueLog> Machine 'ServiceMachine(0)' dequeued event < ____Migration.GenericDispatchableEvent >.
<ActionLog> Machine 'ServiceMachine(0)' executed action 'DispatchPayload' in state 'MainState'.
<SendLog> Machine 'ServiceMachine(0)' sent event 'Migration.GenericDispatchableEvent' to 'ServiceMachine(0)'.
<EnqueueLog> Machine 'ServiceMachine(0)' enqueued event < ____Migration.GenericDispatchableEvent >.
<DequeueLog> Machine 'TablesMachine(0)' dequeued event < ____Migration.TableCallEvent >.
<ExitLog> Machine 'TablesMachine(0)' exiting state 'Ready'.
Start call from [ServiceMachine,1,,] to [TablesMachine,0,,]: oldTable.ExecuteBatchAsync(TableBatchOperation{TableOperation.Merge(ITableEntity{[PartitionKey, ],[RowKey, _mtable_partition_populated_assertion],[ETag, *],[Timestamp, 1/1/0001 12:00:00 AM +00:00]}),TableOperation.Insert(ITableEntity{[PartitionKey, ],[RowKey, 5],[ETag, ],[Timestamp, 1/1/0001 12:00:00 AM +00:00],[[ServiceMachine,1,,]_c1_o0, True],[isHappy, False]})},null,null)
End call from [ServiceMachine,1,,] to [TablesMachine,0,,]: oldTable.ExecuteBatchAsync(TableBatchOperation{TableOperation.Merge(ITableEntity{[PartitionKey, ],[RowKey, _mtable_partition_populated_assertion],[ETag, *],[Timestamp, 1/1/0001 12:00:00 AM +00:00]}),TableOperation.Insert(ITableEntity{[PartitionKey, ],[RowKey, 5],[ETag, ],[Timestamp, 1/1/0001 12:00:00 AM +00:00],[[ServiceMachine,1,,]_c1_o0, True],[isHappy, False]})},null,null) with outcome: IReadOnlyList{TableResult{HttpStatusCode=204, ETag=8, Result=ITableEntity{[PartitionKey, ],[RowKey, _mtable_partition_populated_assertion],[ETag, 8],[Timestamp, 1/1/0001 12:00:00 AM +00:00]}},TableResult{HttpStatusCode=201, ETag=9, Result=ITableEntity{[PartitionKey, ],[RowKey, 5],[ETag, 9],[Timestamp, 1/1/0001 12:00:00 AM +00:00],[[ServiceMachine,1,,]_c1_o0, True],[isHappy, False]}}}
<SendLog> Machine 'TablesMachine(0)' sent event 'Migration.GenericDispatchableEvent' to 'ServiceMachine(1)'.
<EnqueueLog> Machine 'ServiceMachine(1)' enqueued event < ____Migration.GenericDispatchableEvent >.
<DequeueLog> Machine 'ServiceMachine(1)' dequeued event < ____Migration.GenericDispatchableEvent >.
<ActionLog> Machine 'ServiceMachine(1)' executed action 'DispatchPayload' in state 'MainState'.
<SendLog> Machine 'ServiceMachine(1)' sent event 'Migration.GenericDispatchableEvent' to 'ServiceMachine(1)'.
<EnqueueLog> Machine 'ServiceMachine(1)' enqueued event < ____Migration.GenericDispatchableEvent >.
<DequeueLog> Machine 'ServiceMachine(0)' dequeued event < ____Migration.GenericDispatchableEvent >.
<ActionLog> Machine 'ServiceMachine(0)' executed action 'DispatchPayload' in state 'MainState'.
<SendLog> Machine 'ServiceMachine(0)' sent event 'Migration.TableCallEvent' to 'TablesMachine(0)'.
<EnqueueLog> Machine 'TablesMachine(0)' enqueued event < ____Migration.TableCallEvent >.
<DequeueLog> Machine 'ServiceMachine(1)' dequeued event < ____Migration.GenericDispatchableEvent >.
<ActionLog> Machine 'ServiceMachine(1)' executed action 'DispatchPayload' in state 'MainState'.
<SendLog> Machine 'ServiceMachine(1)' sent event 'Migration.TableCallAnnotationEvent' to 'TablesMachine(0)'.
<EnqueueLog> Machine 'TablesMachine(0)' enqueued event < ____Migration.TableCallAnnotationEvent >.
<StateLog> Machine 'TablesMachine(0)' entering state 'WaitingForAnnotation'.
<DequeueLog> Machine 'TablesMachine(0)' dequeued event < ____Migration.TableCallAnnotationEvent >.
<ExitLog> Machine 'TablesMachine(0)' exiting state 'WaitingForAnnotation'.
Start call from [ServiceMachine,1,,] to [TablesMachine,0,,]: tablesMachineAnnotation.AnnotateLastBackendCallAsync(Migration.MirrorTableCall,null)
End call from [ServiceMachine,1,,] to [TablesMachine,0,,]: tablesMachineAnnotation.AnnotateLastBackendCallAsync(Migration.MirrorTableCall,null) with outcome: IReadOnlyList{TableResult{HttpStatusCode=201, ETag=9, Result=ITableEntity{[PartitionKey, ],[RowKey, 5],[ETag, 9],[Timestamp, 1/1/0001 12:00:00 AM +00:00],[[ServiceMachine,1,,]_c1_o0, True],[isHappy, False]}}}
<SendLog> Machine 'TablesMachine(0)' sent event 'Migration.GenericDispatchableEvent' to 'ServiceMachine(1)'.
<EnqueueLog> Machine 'ServiceMachine(1)' enqueued event < ____Migration.GenericDispatchableEvent >.
<DequeueLog> Machine 'ServiceMachine(1)' dequeued event < ____Migration.GenericDispatchableEvent >.
<ActionLog> Machine 'ServiceMachine(1)' executed action 'DispatchPayload' in state 'MainState'.
<SendLog> Machine 'ServiceMachine(1)' sent event 'Migration.GenericDispatchableEvent' to 'ServiceMachine(1)'.
<EnqueueLog> Machine 'ServiceMachine(1)' enqueued event < ____Migration.GenericDispatchableEvent >.
<DequeueLog> Machine 'ServiceMachine(1)' dequeued event < ____Migration.GenericDispatchableEvent >.
<ActionLog> Machine 'ServiceMachine(1)' executed action 'DispatchPayload' in state 'MainState'.
End call from [TablesMachine,0,,] to [ServiceMachine,1,,]: <configService subscriber>.ApplyConfigurationAsync(Migration.MTableConfiguration) with outcome: null
<SendLog> Machine 'ServiceMachine(1)' sent event 'Migration.GenericDispatchableEvent' to 'TablesMachine(0)'.
<EnqueueLog> Machine 'TablesMachine(0)' enqueued event < ____Migration.GenericDispatchableEvent >.
<StateLog> Machine 'TablesMachine(0)' entering state 'Ready'.
<DequeueLog> Machine 'TablesMachine(0)' dequeued event < ____Migration.TableCallEvent >.
<ExitLog> Machine 'TablesMachine(0)' exiting state 'Ready'.
Start call from [ServiceMachine,0,,] to [TablesMachine,0,,]: newTable.ExecuteQueryAtomicAsync(TableQuery<Migration.MTableEntity>{FilterString=(PartitionKey eq '') and (RowKey eq '5'), SelectColumns=, TakeCount=},null,null)
End call from [ServiceMachine,0,,] to [TablesMachine,0,,]: newTable.ExecuteQueryAtomicAsync(TableQuery<Migration.MTableEntity>{FilterString=(PartitionKey eq '') and (RowKey eq '5'), SelectColumns=, TakeCount=},null,null) with outcome: IReadOnlyList{}
<SendLog> Machine 'TablesMachine(0)' sent event 'Migration.GenericDispatchableEvent' to 'ServiceMachine(0)'.
<EnqueueLog> Machine 'ServiceMachine(0)' enqueued event < ____Migration.GenericDispatchableEvent >.
<StateLog> Machine 'TablesMachine(0)' entering state 'WaitingForAnnotation'.
<DequeueLog> Machine 'TablesMachine(0)' dequeued event < ____Migration.GenericDispatchableEvent >.
<ActionLog> Machine 'TablesMachine(0)' executed action 'DispatchPayload' in state 'WaitingForAnnotation'.
End call from [MigratorMachine,0,,] to [TablesMachine,0,,]: configService.PushConfigurationAsync(Migration.MTableConfiguration) with outcome: null
<SendLog> Machine 'TablesMachine(0)' sent event 'Migration.GenericDispatchableEvent' to 'MigratorMachine(0)'.
<EnqueueLog> Machine 'MigratorMachine(0)' enqueued event < ____Migration.GenericDispatchableEvent >.
<DequeueLog> Machine 'ServiceMachine(0)' dequeued event < ____Migration.GenericDispatchableEvent >.
<ActionLog> Machine 'ServiceMachine(0)' executed action 'DispatchPayload' in state 'MainState'.
<SendLog> Machine 'ServiceMachine(0)' sent event 'Migration.GenericDispatchableEvent' to 'ServiceMachine(0)'.
<EnqueueLog> Machine 'ServiceMachine(0)' enqueued event < ____Migration.GenericDispatchableEvent >.
[ServiceMachine,1,,] table call outcome is correct:
IReadOnlyList{TableResult{HttpStatusCode=201, ETag=9, Result=ITableEntity{[PartitionKey, ],[RowKey, 5],[ETag, 9],[Timestamp, 1/1/0001 12:00:00 AM +00:00],[[ServiceMachine,1,,]_c1_o0, True],[isHappy, False]}}}
<DequeueLog> Machine 'ServiceMachine(0)' dequeued event < ____Migration.GenericDispatchableEvent >.
<ActionLog> Machine 'ServiceMachine(0)' executed action 'DispatchPayload' in state 'MainState'.
<SendLog> Machine 'ServiceMachine(0)' sent event 'Migration.TableCallAnnotationEvent' to 'TablesMachine(0)'.
<EnqueueLog> Machine 'TablesMachine(0)' enqueued event < ____Migration.TableCallAnnotationEvent >.
<DequeueLog> Machine 'TablesMachine(0)' dequeued event < ____Migration.TableCallAnnotationEvent >.
<ExitLog> Machine 'TablesMachine(0)' exiting state 'WaitingForAnnotation'.
Start call from [ServiceMachine,0,,] to [TablesMachine,0,,]: tablesMachineAnnotation.AnnotateLastBackendCallAsync(null,null)
End call from [ServiceMachine,0,,] to [TablesMachine,0,,]: tablesMachineAnnotation.AnnotateLastBackendCallAsync(null,null) with outcome: null
<SendLog> Machine 'TablesMachine(0)' sent event 'Migration.GenericDispatchableEvent' to 'ServiceMachine(0)'.
<EnqueueLog> Machine 'ServiceMachine(0)' enqueued event < ____Migration.GenericDispatchableEvent >.
<DequeueLog> Machine 'ServiceMachine(0)' dequeued event < ____Migration.GenericDispatchableEvent >.
<ActionLog> Machine 'ServiceMachine(0)' executed action 'DispatchPayload' in state 'MainState'.
<SendLog> Machine 'ServiceMachine(0)' sent event 'Migration.GenericDispatchableEvent' to 'ServiceMachine(0)'.
<EnqueueLog> Machine 'ServiceMachine(0)' enqueued event < ____Migration.GenericDispatchableEvent >.
<DequeueLog> Machine 'ServiceMachine(0)' dequeued event < ____Migration.GenericDispatchableEvent >.
<ActionLog> Machine 'ServiceMachine(0)' executed action 'DispatchPayload' in state 'MainState'.
<SendLog> Machine 'ServiceMachine(0)' sent event 'Migration.TableCallEvent' to 'TablesMachine(0)'.
<EnqueueLog> Machine 'TablesMachine(0)' enqueued event < ____Migration.TableCallEvent >.
<StateLog> Machine 'TablesMachine(0)' entering state 'Ready'.
<DequeueLog> Machine 'TablesMachine(0)' dequeued event < ____Migration.TableCallEvent >.
<ExitLog> Machine 'TablesMachine(0)' exiting state 'Ready'.
Start call from [ServiceMachine,0,,] to [TablesMachine,0,,]: newTable.ExecuteQueryAtomicAsync(TableQuery<Migration.MTableEntity>{FilterString=(PartitionKey eq '') and (RowKey eq '5'), SelectColumns=, TakeCount=},null,null)
End call from [ServiceMachine,0,,] to [TablesMachine,0,,]: newTable.ExecuteQueryAtomicAsync(TableQuery<Migration.MTableEntity>{FilterString=(PartitionKey eq '') and (RowKey eq '5'), SelectColumns=, TakeCount=},null,null) with outcome: IReadOnlyList{}
<SendLog> Machine 'TablesMachine(0)' sent event 'Migration.GenericDispatchableEvent' to 'ServiceMachine(0)'.
<EnqueueLog> Machine 'ServiceMachine(0)' enqueued event < ____Migration.GenericDispatchableEvent >.
<StateLog> Machine 'TablesMachine(0)' entering state 'WaitingForAnnotation'.
<DequeueLog> Machine 'ServiceMachine(0)' dequeued event < ____Migration.GenericDispatchableEvent >.
<ActionLog> Machine 'ServiceMachine(0)' executed action 'DispatchPayload' in state 'MainState'.
<SendLog> Machine 'ServiceMachine(0)' sent event 'Migration.GenericDispatchableEvent' to 'ServiceMachine(0)'.
<EnqueueLog> Machine 'ServiceMachine(0)' enqueued event < ____Migration.GenericDispatchableEvent >.
<DequeueLog> Machine 'ServiceMachine(0)' dequeued event < ____Migration.GenericDispatchableEvent >.
<ActionLog> Machine 'ServiceMachine(0)' executed action 'DispatchPayload' in state 'MainState'.
<SendLog> Machine 'ServiceMachine(0)' sent event 'Migration.TableCallAnnotationEvent' to 'TablesMachine(0)'.
<EnqueueLog> Machine 'TablesMachine(0)' enqueued event < ____Migration.TableCallAnnotationEvent >.
<DequeueLog> Machine 'MigratorMachine(0)' dequeued event < ____Migration.GenericDispatchableEvent >.
<ActionLog> Machine 'MigratorMachine(0)' executed action 'DispatchPayload' in state 'MainState'.
<SendLog> Machine 'MigratorMachine(0)' sent event 'Migration.GenericDispatchableEvent' to 'MigratorMachine(0)'.
<EnqueueLog> Machine 'MigratorMachine(0)' enqueued event < ____Migration.GenericDispatchableEvent >.
<DequeueLog> Machine 'TablesMachine(0)' dequeued event < ____Migration.TableCallAnnotationEvent >.
<ExitLog> Machine 'TablesMachine(0)' exiting state 'WaitingForAnnotation'.
Start call from [ServiceMachine,0,,] to [TablesMachine,0,,]: tablesMachineAnnotation.AnnotateLastBackendCallAsync(Migration.MirrorTableCall,null)
End call from [ServiceMachine,0,,] to [TablesMachine,0,,]: tablesMachineAnnotation.AnnotateLastBackendCallAsync(Migration.MirrorTableCall,null) with outcome: ChainTableInterface.ChainTableBatchException: ChainTable status code 412 at operation 0
   at Migration.InMemoryTable.ExecuteMirrorBatchAsync(TableBatchOperation originalBatch, IList`1 originalResponse, TableRequestOptions requestOptions, OperationContext operationContext) in D:\t-mattmc\verification\Migration\InMemoryTable.cs:line 103
   at Migration.InMemoryTableWithHistory.ExecuteMirrorBatchAsync(TableBatchOperation originalBatch, IList`1 originalResponse, TableRequestOptions requestOptions, OperationContext operationContext) in D:\t-mattmc\verification\Migration\Verification.cs:line 688
   at Migration.ServiceMachineCore.<>c__DisplayClass8_1.<<DoRandomAtomicCalls>b__3>d.MoveNext() in D:\t-mattmc\verification\Migration\Verification.cs:line 373
--- End of stack trace from previous location where exception was thrown ---
   at System.Runtime.CompilerServices.TaskAwaiter.ThrowForNonSuccess(Task task)
   at System.Runtime.CompilerServices.TaskAwaiter.HandleNonSuccessAndDebuggerNotification(Task task)
   at System.Runtime.CompilerServices.TaskAwaiter`1.GetResult()
   at Migration.TablesMachine.<Migration-ITablesMachineAnnotation-AnnotateLastBackendCallAsync>d__16.MoveNext() in D:\t-mattmc\verification\Migration\Verification.cs:line 968
--- End of stack trace from previous location where exception was thrown ---
   at System.Runtime.CompilerServices.TaskAwaiter.ThrowForNonSuccess(Task task)
   at System.Runtime.CompilerServices.TaskAwaiter.HandleNonSuccessAndDebuggerNotification(Task task)
   at System.Runtime.CompilerServices.TaskAwaiter`1.GetResult()
   at Migration.Catching`1.<Task>d__1`1.MoveNext() in D:\t-mattmc\verification\Migration\Utils\Outcome.cs:line 55
Request Information
RequestID:
RequestDate:
StatusMessage:

<SendLog> Machine 'TablesMachine(0)' sent event 'Migration.GenericDispatchableEvent' to 'ServiceMachine(0)'.
<EnqueueLog> Machine 'ServiceMachine(0)' enqueued event < ____Migration.GenericDispatchableEvent >.
<DequeueLog> Machine 'ServiceMachine(0)' dequeued event < ____Migration.GenericDispatchableEvent >.
<ActionLog> Machine 'ServiceMachine(0)' executed action 'DispatchPayload' in state 'MainState'.
<SendLog> Machine 'ServiceMachine(0)' sent event 'Migration.GenericDispatchableEvent' to 'ServiceMachine(0)'.
<EnqueueLog> Machine 'ServiceMachine(0)' enqueued event < ____Migration.GenericDispatchableEvent >.
<StateLog> Machine 'TablesMachine(0)' entering state 'Ready'.
<DequeueLog> Machine 'ServiceMachine(0)' dequeued event < ____Migration.GenericDispatchableEvent >.
<ActionLog> Machine 'ServiceMachine(0)' executed action 'DispatchPayload' in state 'MainState'.
Error: [ServiceMachine,0,,] table call outcome is incorrect:
ChainTableInterface.ChainTableBatchException: ChainTable status code 404 at operation 0
   at Migration.MigratingTable.<ExecuteBatchOnNewTableAsync>d__21.MoveNext() in D:\t-mattmc\verification\Migration\MigratingTable.cs:line 480
--- End of stack trace from previous location where exception was thrown ---
   at System.Runtime.CompilerServices.TaskAwaiter.ThrowForNonSuccess(Task task)
   at System.Runtime.CompilerServices.TaskAwaiter.HandleNonSuccessAndDebuggerNotification(Task task)
   at System.Runtime.CompilerServices.TaskAwaiter`1.GetResult()
   at Migration.MigratingTable.<ExecuteBatchAsync>d__22.MoveNext() in D:\t-mattmc\verification\Migration\MigratingTable.cs:line 547
--- End of stack trace from previous location where exception was thrown ---
   at System.Runtime.CompilerServices.TaskAwaiter.ThrowForNonSuccess(Task task)
   at System.Runtime.CompilerServices.TaskAwaiter.HandleNonSuccessAndDebuggerNotification(Task task)
   at System.Runtime.CompilerServices.TaskAwaiter`1.GetResult()
   at Migration.ServiceMachineCore.<>c__DisplayClass8_1.<<DoRandomAtomicCalls>b__2>d.MoveNext() in D:\t-mattmc\verification\Migration\Verification.cs:line 372
--- End of stack trace from previous location where exception was thrown ---
   at System.Runtime.CompilerServices.TaskAwaiter.ThrowForNonSuccess(Task task)
   at System.Runtime.CompilerServices.TaskAwaiter.HandleNonSuccessAndDebuggerNotification(Task task)
   at System.Runtime.CompilerServices.TaskAwaiter`1.GetResult()
   at Migration.Catching`1.<Task>d__1`1.MoveNext() in D:\t-mattmc\verification\Migration\Utils\Outcome.cs:line 55
Request Information
RequestID:
RequestDate:
StatusMessage:

Expected:
ChainTableInterface.ChainTableBatchException: ChainTable status code 412 at operation 0
   at Migration.InMemoryTable.ExecuteMirrorBatchAsync(TableBatchOperation originalBatch, IList`1 originalResponse, TableRequestOptions requestOptions, OperationContext operationContext) in D:\t-mattmc\verification\Migration\InMemoryTable.cs:line 103
   at Migration.InMemoryTableWithHistory.ExecuteMirrorBatchAsync(TableBatchOperation originalBatch, IList`1 originalResponse, TableRequestOptions requestOptions, OperationContext operationContext) in D:\t-mattmc\verification\Migration\Verification.cs:line 688
   at Migration.ServiceMachineCore.<>c__DisplayClass8_1.<<DoRandomAtomicCalls>b__3>d.MoveNext() in D:\t-mattmc\verification\Migration\Verification.cs:line 373
--- End of stack trace from previous location where exception was thrown ---
   at System.Runtime.CompilerServices.TaskAwaiter.ThrowForNonSuccess(Task task)
   at System.Runtime.CompilerServices.TaskAwaiter.HandleNonSuccessAndDebuggerNotification(Task task)
   at System.Runtime.CompilerServices.TaskAwaiter`1.GetResult()
   at Migration.TablesMachine.<Migration-ITablesMachineAnnotation-AnnotateLastBackendCallAsync>d__16.MoveNext() in D:\t-mattmc\verification\Migration\Verification.cs:line 968
--- End of stack trace from previous location where exception was thrown ---
   at System.Runtime.CompilerServices.TaskAwaiter.ThrowForNonSuccess(Task task)
   at System.Runtime.CompilerServices.TaskAwaiter.HandleNonSuccessAndDebuggerNotification(Task task)
   at System.Runtime.CompilerServices.TaskAwaiter`1.GetResult()
   at Migration.Catching`1.<Task>d__1`1.MoveNext() in D:\t-mattmc\verification\Migration\Utils\Outcome.cs:line 55
--- End of stack trace from previous location where exception was thrown ---
   at System.Runtime.CompilerServices.TaskAwaiter.ThrowForNonSuccess(Task task)
   at System.Runtime.CompilerServices.TaskAwaiter.HandleNonSuccessAndDebuggerNotification(Task task)
   at System.Runtime.CompilerServices.TaskAwaiter`1.GetResult()
   at Migration.Catching`1.<Task>d__1`1.MoveNext() in D:\t-mattmc\verification\Migration\Utils\Outcome.cs:line 55
Request Information
RequestID:
RequestDate:
StatusMessage:


<SendLog> Ignoring send because the current machine is canceled.
